2017-09-19 19:09:51,864 ERROR [ModalContext] - System.err - log4j:WARN No appenders could be found for logger (org.eclipse.m2e.core.internal.project.registry.ProjectRegistryRefreshJob).
2017-09-19 19:09:51,866 ERROR [ModalContext] - System.err - log4j:WARN Please initialize the log4j system properly.
2017-09-19 19:09:52,089  WARN [ModalContext] - ScalaProject - Project Spark has platform default sourceLevel.
2017-09-19 19:09:52,090  WARN [ModalContext] - ScalaProject - Project Spark runs on platform default installation.
2017-09-19 19:09:53,135  WARN [ModalContext] - ScalaProject - Project Spark has platform default sourceLevel.
2017-09-19 19:09:53,135  WARN [ModalContext] - ScalaProject - Project Spark runs on platform default installation.
2017-09-19 19:09:54,508  WARN [Worker-4] - ScalaProject - Project Spark has platform default sourceLevel.
2017-09-19 19:09:54,509  WARN [Worker-4] - ScalaProject - Project Spark runs on platform default installation.
2017-09-19 19:09:54,615  WARN [main] - org.scala-ide.sdt.core - org.scala-ide.sdt.core - org.scala-ide.sdt.core - 0 - Preference scala.compiler.sourceLevel was uninitialized for Spark, setting default to 2.12.
2017-09-19 19:09:56,362 ERROR [main] - org.scala-ide.sdt.core - org.scala-ide.sdt.core - org.scala-ide.sdt.core - 0 - Error thrown while initializing the presentation compiler.
org.eclipse.core.internal.resources.ResourceException: The resource tree is locked for modifications.
	at org.eclipse.core.internal.resources.WorkManager.checkIn(WorkManager.java:119)
	at org.eclipse.core.internal.resources.Workspace.prepareOperation(Workspace.java:2188)
	at org.eclipse.core.internal.resources.Resource.createMarker(Resource.java:715)
	at org.scalaide.core.resources.MarkerFactory.create(MarkerFactory.scala:48)
	at org.scalaide.core.resources.MarkerFactory.create(MarkerFactory.scala:38)
	at org.scalaide.core.internal.project.InstallationManagement.$anonfun$validatedLabeledScalaInstallation$3(InstallationManagement.scala:62)
	at org.scalaide.core.internal.project.InstallationManagement$WithValidation.get(InstallationManagement.scala:27)
	at org.scalaide.core.internal.project.InstallationManagement.effectiveScalaInstallation(InstallationManagement.scala:94)
	at org.scalaide.core.internal.project.InstallationManagement.effectiveScalaInstallation$(InstallationManagement.scala:92)
	at org.scalaide.core.internal.project.ScalaProject.effectiveScalaInstallation(ScalaProject.scala:150)
	at org.scalaide.core.internal.project.ScalaProject.isPCSetting(ScalaProject.scala:462)
	at org.scalaide.core.internal.project.ScalaProject.prepareCompilerSettings(ScalaProject.scala:438)
	at org.scalaide.core.internal.project.ScalaProject.$anonfun$presentationCompiler$1(ScalaProject.scala:162)
	at org.scalaide.core.internal.compiler.PresentationCompilerProxy.liftedTree1$1(PresentationCompilerProxy.scala:154)
	at org.scalaide.core.internal.compiler.PresentationCompilerProxy.create(PresentationCompilerProxy.scala:153)
	at org.scalaide.core.internal.compiler.PresentationCompilerProxy.initialize(PresentationCompilerProxy.scala:118)
	at org.scalaide.core.internal.compiler.PresentationCompilerProxy.obtainPc$1(PresentationCompilerProxy.scala:80)
	at org.scalaide.core.internal.compiler.PresentationCompilerProxy.internal(PresentationCompilerProxy.scala:100)
	at org.scalaide.core.internal.compiler.PresentationCompilerProxy.apply(PresentationCompilerProxy.scala:58)
	at org.scalaide.core.internal.ScalaPlugin.$anonfun$elementChanged$12(ScalaPlugin.scala:322)
	at scala.Option.foreach(Option.scala:257)
	at org.scalaide.core.internal.ScalaPlugin.$anonfun$elementChanged$11(ScalaPlugin.scala:320)
	at org.scalaide.core.internal.ScalaPlugin.$anonfun$elementChanged$11$adapted(ScalaPlugin.scala:318)
	at scala.collection.immutable.Map$Map1.foreach(Map.scala:120)
	at org.scalaide.core.internal.ScalaPlugin.elementChanged(ScalaPlugin.scala:318)
	at org.eclipse.jdt.internal.core.DeltaProcessor$3.run(DeltaProcessor.java:1662)
	at org.eclipse.core.runtime.SafeRunner.run(SafeRunner.java:42)
	at org.eclipse.jdt.internal.core.DeltaProcessor.notifyListeners(DeltaProcessor.java:1652)
	at org.eclipse.jdt.internal.core.DeltaProcessor.firePostChangeDelta(DeltaProcessor.java:1486)
	at org.eclipse.jdt.internal.core.DeltaProcessor.fire(DeltaProcessor.java:1462)
	at org.eclipse.jdt.internal.core.DeltaProcessor.resourceChanged(DeltaProcessor.java:2074)
	at org.eclipse.jdt.internal.core.DeltaProcessingState.resourceChanged(DeltaProcessingState.java:477)
	at org.eclipse.core.internal.events.NotificationManager$1.run(NotificationManager.java:299)
	at org.eclipse.core.runtime.SafeRunner.run(SafeRunner.java:42)
	at org.eclipse.core.internal.events.NotificationManager.notify(NotificationManager.java:289)
	at org.eclipse.core.internal.events.NotificationManager.broadcastChanges(NotificationManager.java:152)
	at org.eclipse.core.internal.resources.Workspace.broadcastPostChange(Workspace.java:374)
	at org.eclipse.core.internal.resources.Workspace.endOperation(Workspace.java:1469)
	at org.eclipse.core.internal.resources.CharsetDeltaJob.run(CharsetDeltaJob.java:183)
	at org.eclipse.core.internal.jobs.Worker.run(Worker.java:55)
2017-09-19 19:10:47,954 ERROR [Text Viewer Hover Presenter] - IScalaPresentationCompiler$ - Ignoring InterruptException
2017-09-19 19:10:47,955 ERROR [Text Viewer Hover Presenter] - IScalaPresentationCompiler$ - Ignoring InterruptException
2017-09-19 19:10:47,955 ERROR [Text Viewer Hover Presenter] - IScalaPresentationCompiler$ - Ignoring InterruptException
2017-09-19 19:10:47,956 ERROR [Text Viewer Hover Presenter] - IScalaPresentationCompiler$ - Ignoring InterruptException
2017-09-19 19:10:47,959 ERROR [Text Viewer Hover Presenter] - IScalaPresentationCompiler$ - Ignoring InterruptException
2017-09-19 20:15:22,728  WARN [org.scalaide.ui.internal.reconciliation.ScalaReconciler] - ImplicitHighlightingPresenter - Timeout while waiting for `askLoadedTyped` during semantic highlighting.
2017-09-19 20:15:23,222  WARN [org.scalaide.ui.internal.reconciliation.ScalaReconciler] - CustomSemanticAction - Timeout while waiting for `askLoadedTyped` during semantic highlighting.
2017-09-19 20:15:23,458  WARN [org.scalaide.ui.internal.reconciliation.ScalaReconciler] - CallByNameParamAtCreationPresenter - Timeout while waiting for `askLoadedTyped` during semantic highlighting.
2017-09-19 20:16:14,765 ERROR [main] - org.scala-ide.sdt.core - org.scala-ide.sdt.core - org.scala-ide.sdt.core - 0 - An error occurred while trying to create a file.
org.eclipse.core.internal.resources.ResourceException: Resource '/Spark/src/main/scala/com/prodevans/SparkHive/SparkHiveIntegration.scala' already exists.
	at org.eclipse.core.internal.resources.Resource.checkDoesNotExist(Resource.java:314)
	at org.eclipse.core.internal.resources.Resource.checkDoesNotExist(Resource.java:301)
	at org.eclipse.core.internal.resources.File.create(File.java:107)
	at org.eclipse.core.internal.resources.File.create(File.java:181)
	at org.scalaide.util.eclipse.FileUtils$.$anonfun$createFile$1(FileUtils.scala:112)
	at scala.runtime.java8.JFunction0$mcV$sp.apply(JFunction0$mcV$sp.java:12)
	at scala.util.Try$.apply(Try.scala:209)
	at org.scalaide.util.eclipse.FileUtils$.createFile(FileUtils.scala:110)
	at org.scalaide.ui.internal.wizards.NewFileWizard.$anonfun$okPressed$13(NewFileWizard.scala:284)
	at org.scalaide.ui.internal.wizards.NewFileWizard.$anonfun$okPressed$13$adapted(NewFileWizard.scala:283)
	at scala.Option.foreach(Option.scala:257)
	at org.scalaide.ui.internal.wizards.NewFileWizard.okPressed(NewFileWizard.scala:283)
	at org.scalaide.ui.internal.wizards.NewFileWizard.okPressed$(NewFileWizard.scala:230)
	at org.scalaide.ui.internal.wizards.NewFileWizardAdapter$$anon$1.okPressed(NewFileWizardAdapter.scala:28)
	at org.scalaide.ui.internal.wizards.NewFileWizardAdapter.performFinish(NewFileWizardAdapter.scala:55)
	at org.eclipse.jface.wizard.WizardDialog.finishPressed(WizardDialog.java:790)
	at org.eclipse.jface.wizard.WizardDialog.buttonPressed(WizardDialog.java:423)
	at org.eclipse.jface.dialogs.Dialog$2.widgetSelected(Dialog.java:618)
	at org.eclipse.swt.widgets.TypedListener.handleEvent(TypedListener.java:249)
	at org.eclipse.swt.widgets.EventTable.sendEvent(EventTable.java:84)
	at org.eclipse.swt.widgets.Display.sendEvent(Display.java:4418)
	at org.eclipse.swt.widgets.Widget.sendEvent(Widget.java:1079)
	at org.eclipse.swt.widgets.Display.runDeferredEvents(Display.java:4236)
	at org.eclipse.swt.widgets.Display.readAndDispatch(Display.java:3824)
	at org.eclipse.ui.internal.dialogs.EventLoopProgressMonitor.runEventLoop(EventLoopProgressMonitor.java:125)
	at org.eclipse.ui.internal.dialogs.EventLoopProgressMonitor.isCanceled(EventLoopProgressMonitor.java:99)
	at org.eclipse.core.internal.jobs.ThreadJob.isCanceled(ThreadJob.java:144)
	at org.eclipse.core.internal.jobs.ThreadJob.waitForRun(ThreadJob.java:233)
	at org.eclipse.core.internal.jobs.ThreadJob.joinRun(ThreadJob.java:197)
	at org.eclipse.core.internal.jobs.ImplicitJobs.begin(ImplicitJobs.java:92)
	at org.eclipse.core.internal.jobs.JobManager.beginRule(JobManager.java:307)
	at org.eclipse.core.internal.resources.WorkManager.checkIn(WorkManager.java:121)
	at org.eclipse.core.internal.resources.Workspace.prepareOperation(Workspace.java:2188)
	at org.eclipse.core.internal.resources.File.create(File.java:106)
	at org.eclipse.core.internal.resources.File.create(File.java:181)
	at org.scalaide.util.eclipse.FileUtils$.$anonfun$createFile$1(FileUtils.scala:112)
	at scala.runtime.java8.JFunction0$mcV$sp.apply(JFunction0$mcV$sp.java:12)
	at scala.util.Try$.apply(Try.scala:209)
	at org.scalaide.util.eclipse.FileUtils$.createFile(FileUtils.scala:110)
	at org.scalaide.ui.internal.wizards.NewFileWizard.$anonfun$okPressed$13(NewFileWizard.scala:284)
	at org.scalaide.ui.internal.wizards.NewFileWizard.$anonfun$okPressed$13$adapted(NewFileWizard.scala:283)
	at scala.Option.foreach(Option.scala:257)
	at org.scalaide.ui.internal.wizards.NewFileWizard.okPressed(NewFileWizard.scala:283)
	at org.scalaide.ui.internal.wizards.NewFileWizard.okPressed$(NewFileWizard.scala:230)
	at org.scalaide.ui.internal.wizards.NewFileWizardAdapter$$anon$1.okPressed(NewFileWizardAdapter.scala:28)
	at org.scalaide.ui.internal.wizards.NewFileWizardAdapter.performFinish(NewFileWizardAdapter.scala:55)
	at org.eclipse.jface.wizard.WizardDialog.finishPressed(WizardDialog.java:790)
	at org.eclipse.jface.wizard.WizardDialog.buttonPressed(WizardDialog.java:423)
	at org.eclipse.jface.dialogs.Dialog$2.widgetSelected(Dialog.java:618)
	at org.eclipse.swt.widgets.TypedListener.handleEvent(TypedListener.java:249)
	at org.eclipse.swt.widgets.EventTable.sendEvent(EventTable.java:84)
	at org.eclipse.swt.widgets.Display.sendEvent(Display.java:4418)
	at org.eclipse.swt.widgets.Widget.sendEvent(Widget.java:1079)
	at org.eclipse.swt.widgets.Display.runDeferredEvents(Display.java:4236)
	at org.eclipse.swt.widgets.Display.readAndDispatch(Display.java:3824)
	at org.eclipse.ui.internal.dialogs.EventLoopProgressMonitor.runEventLoop(EventLoopProgressMonitor.java:125)
	at org.eclipse.ui.internal.dialogs.EventLoopProgressMonitor.isCanceled(EventLoopProgressMonitor.java:99)
	at org.eclipse.core.internal.jobs.ThreadJob.isCanceled(ThreadJob.java:144)
	at org.eclipse.core.internal.jobs.ThreadJob.waitForRun(ThreadJob.java:233)
	at org.eclipse.core.internal.jobs.ThreadJob.joinRun(ThreadJob.java:197)
	at org.eclipse.core.internal.jobs.ImplicitJobs.begin(ImplicitJobs.java:92)
	at org.eclipse.core.internal.jobs.JobManager.beginRule(JobManager.java:307)
	at org.eclipse.core.internal.resources.WorkManager.checkIn(WorkManager.java:121)
	at org.eclipse.core.internal.resources.Workspace.prepareOperation(Workspace.java:2188)
	at org.eclipse.core.internal.resources.File.setContents(File.java:334)
	at org.eclipse.core.internal.resources.File.setContents(File.java:434)
	at org.scalaide.ui.internal.wizards.NewFileWizard.openFileInSrcDir$1(NewFileWizard.scala:367)
	at org.scalaide.ui.internal.wizards.NewFileWizard.openEditor(NewFileWizard.scala:375)
	at org.scalaide.ui.internal.wizards.NewFileWizard.$anonfun$okPressed$13(NewFileWizard.scala:287)
	at org.scalaide.ui.internal.wizards.NewFileWizard.$anonfun$okPressed$13$adapted(NewFileWizard.scala:283)
	at scala.Option.foreach(Option.scala:257)
	at org.scalaide.ui.internal.wizards.NewFileWizard.okPressed(NewFileWizard.scala:283)
	at org.scalaide.ui.internal.wizards.NewFileWizard.okPressed$(NewFileWizard.scala:230)
	at org.scalaide.ui.internal.wizards.NewFileWizardAdapter$$anon$1.okPressed(NewFileWizardAdapter.scala:28)
	at org.scalaide.ui.internal.wizards.NewFileWizardAdapter.performFinish(NewFileWizardAdapter.scala:55)
	at org.eclipse.jface.wizard.WizardDialog.finishPressed(WizardDialog.java:790)
	at org.eclipse.jface.wizard.WizardDialog.buttonPressed(WizardDialog.java:423)
	at org.eclipse.jface.dialogs.Dialog$2.widgetSelected(Dialog.java:618)
	at org.eclipse.swt.widgets.TypedListener.handleEvent(TypedListener.java:249)
	at org.eclipse.swt.widgets.EventTable.sendEvent(EventTable.java:84)
	at org.eclipse.swt.widgets.Display.sendEvent(Display.java:4418)
	at org.eclipse.swt.widgets.Widget.sendEvent(Widget.java:1079)
	at org.eclipse.swt.widgets.Display.runDeferredEvents(Display.java:4236)
	at org.eclipse.swt.widgets.Display.readAndDispatch(Display.java:3824)
	at org.eclipse.jface.window.Window.runEventLoop(Window.java:818)
	at org.eclipse.jface.window.Window.open(Window.java:794)
	at org.eclipse.ui.internal.actions.NewWizardShortcutAction.run(NewWizardShortcutAction.java:133)
	at org.eclipse.jface.action.Action.runWithEvent(Action.java:473)
	at org.eclipse.jface.action.ActionContributionItem.handleWidgetSelection(ActionContributionItem.java:565)
	at org.eclipse.jface.action.ActionContributionItem.lambda$4(ActionContributionItem.java:397)
	at org.eclipse.swt.widgets.EventTable.sendEvent(EventTable.java:84)
	at org.eclipse.swt.widgets.Display.sendEvent(Display.java:4418)
	at org.eclipse.swt.widgets.Widget.sendEvent(Widget.java:1079)
	at org.eclipse.swt.widgets.Display.runDeferredEvents(Display.java:4236)
	at org.eclipse.swt.widgets.Display.readAndDispatch(Display.java:3824)
	at org.eclipse.e4.ui.internal.workbench.swt.PartRenderingEngine$4.run(PartRenderingEngine.java:1121)
	at org.eclipse.core.databinding.observable.Realm.runWithDefault(Realm.java:336)
	at org.eclipse.e4.ui.internal.workbench.swt.PartRenderingEngine.run(PartRenderingEngine.java:1022)
	at org.eclipse.e4.ui.internal.workbench.E4Workbench.createAndRunUI(E4Workbench.java:150)
	at org.eclipse.ui.internal.Workbench$5.run(Workbench.java:693)
	at org.eclipse.core.databinding.observable.Realm.runWithDefault(Realm.java:336)
	at org.eclipse.ui.internal.Workbench.createAndRunWorkbench(Workbench.java:610)
	at org.eclipse.ui.PlatformUI.createAndRunWorkbench(PlatformUI.java:148)
	at org.eclipse.ui.internal.ide.application.IDEApplication.start(IDEApplication.java:138)
	at org.eclipse.equinox.internal.app.EclipseAppHandle.run(EclipseAppHandle.java:196)
	at org.eclipse.core.runtime.internal.adaptor.EclipseAppLauncher.runApplication(EclipseAppLauncher.java:134)
	at org.eclipse.core.runtime.internal.adaptor.EclipseAppLauncher.start(EclipseAppLauncher.java:104)
	at org.eclipse.core.runtime.adaptor.EclipseStarter.run(EclipseStarter.java:388)
	at org.eclipse.core.runtime.adaptor.EclipseStarter.run(EclipseStarter.java:243)
	at sun.reflect.NativeMethodAccessorImpl.invoke0(Native Method)
	at sun.reflect.NativeMethodAccessorImpl.invoke(NativeMethodAccessorImpl.java:62)
	at sun.reflect.DelegatingMethodAccessorImpl.invoke(DelegatingMethodAccessorImpl.java:43)
	at java.lang.reflect.Method.invoke(Method.java:498)
	at org.eclipse.equinox.launcher.Main.invokeFramework(Main.java:673)
	at org.eclipse.equinox.launcher.Main.basicRun(Main.java:610)
	at org.eclipse.equinox.launcher.Main.run(Main.java:1519)
2017-09-19 20:16:14,830 ERROR [main] - org.scala-ide.sdt.core - org.scala-ide.sdt.core - org.scala-ide.sdt.core - 0 - An error occurred while trying to create a file.
org.eclipse.core.internal.resources.ResourceException: Resource '/Spark/src/main/scala/com/prodevans/SparkHive/SparkHiveIntegration.scala' already exists.
	at org.eclipse.core.internal.resources.Resource.checkDoesNotExist(Resource.java:314)
	at org.eclipse.core.internal.resources.Resource.checkDoesNotExist(Resource.java:301)
	at org.eclipse.core.internal.resources.File.create(File.java:107)
	at org.eclipse.core.internal.resources.File.create(File.java:181)
	at org.scalaide.util.eclipse.FileUtils$.$anonfun$createFile$1(FileUtils.scala:112)
	at scala.runtime.java8.JFunction0$mcV$sp.apply(JFunction0$mcV$sp.java:12)
	at scala.util.Try$.apply(Try.scala:209)
	at org.scalaide.util.eclipse.FileUtils$.createFile(FileUtils.scala:110)
	at org.scalaide.ui.internal.wizards.NewFileWizard.$anonfun$okPressed$13(NewFileWizard.scala:284)
	at org.scalaide.ui.internal.wizards.NewFileWizard.$anonfun$okPressed$13$adapted(NewFileWizard.scala:283)
	at scala.Option.foreach(Option.scala:257)
	at org.scalaide.ui.internal.wizards.NewFileWizard.okPressed(NewFileWizard.scala:283)
	at org.scalaide.ui.internal.wizards.NewFileWizard.okPressed$(NewFileWizard.scala:230)
	at org.scalaide.ui.internal.wizards.NewFileWizardAdapter$$anon$1.okPressed(NewFileWizardAdapter.scala:28)
	at org.scalaide.ui.internal.wizards.NewFileWizardAdapter.performFinish(NewFileWizardAdapter.scala:55)
	at org.eclipse.jface.wizard.WizardDialog.finishPressed(WizardDialog.java:790)
	at org.eclipse.jface.wizard.WizardDialog.buttonPressed(WizardDialog.java:423)
	at org.eclipse.jface.dialogs.Dialog$2.widgetSelected(Dialog.java:618)
	at org.eclipse.swt.widgets.TypedListener.handleEvent(TypedListener.java:249)
	at org.eclipse.swt.widgets.EventTable.sendEvent(EventTable.java:84)
	at org.eclipse.swt.widgets.Display.sendEvent(Display.java:4418)
	at org.eclipse.swt.widgets.Widget.sendEvent(Widget.java:1079)
	at org.eclipse.swt.widgets.Display.runDeferredEvents(Display.java:4236)
	at org.eclipse.swt.widgets.Display.readAndDispatch(Display.java:3824)
	at org.eclipse.ui.internal.dialogs.EventLoopProgressMonitor.runEventLoop(EventLoopProgressMonitor.java:125)
	at org.eclipse.ui.internal.dialogs.EventLoopProgressMonitor.isCanceled(EventLoopProgressMonitor.java:99)
	at org.eclipse.core.internal.jobs.ThreadJob.isCanceled(ThreadJob.java:144)
	at org.eclipse.core.internal.jobs.ThreadJob.waitForRun(ThreadJob.java:233)
	at org.eclipse.core.internal.jobs.ThreadJob.joinRun(ThreadJob.java:197)
	at org.eclipse.core.internal.jobs.ImplicitJobs.begin(ImplicitJobs.java:92)
	at org.eclipse.core.internal.jobs.JobManager.beginRule(JobManager.java:307)
	at org.eclipse.core.internal.resources.WorkManager.checkIn(WorkManager.java:121)
	at org.eclipse.core.internal.resources.Workspace.prepareOperation(Workspace.java:2188)
	at org.eclipse.core.internal.resources.File.setContents(File.java:334)
	at org.eclipse.core.internal.resources.File.setContents(File.java:434)
	at org.scalaide.ui.internal.wizards.NewFileWizard.openFileInSrcDir$1(NewFileWizard.scala:367)
	at org.scalaide.ui.internal.wizards.NewFileWizard.openEditor(NewFileWizard.scala:375)
	at org.scalaide.ui.internal.wizards.NewFileWizard.$anonfun$okPressed$13(NewFileWizard.scala:287)
	at org.scalaide.ui.internal.wizards.NewFileWizard.$anonfun$okPressed$13$adapted(NewFileWizard.scala:283)
	at scala.Option.foreach(Option.scala:257)
	at org.scalaide.ui.internal.wizards.NewFileWizard.okPressed(NewFileWizard.scala:283)
	at org.scalaide.ui.internal.wizards.NewFileWizard.okPressed$(NewFileWizard.scala:230)
	at org.scalaide.ui.internal.wizards.NewFileWizardAdapter$$anon$1.okPressed(NewFileWizardAdapter.scala:28)
	at org.scalaide.ui.internal.wizards.NewFileWizardAdapter.performFinish(NewFileWizardAdapter.scala:55)
	at org.eclipse.jface.wizard.WizardDialog.finishPressed(WizardDialog.java:790)
	at org.eclipse.jface.wizard.WizardDialog.buttonPressed(WizardDialog.java:423)
	at org.eclipse.jface.dialogs.Dialog$2.widgetSelected(Dialog.java:618)
	at org.eclipse.swt.widgets.TypedListener.handleEvent(TypedListener.java:249)
	at org.eclipse.swt.widgets.EventTable.sendEvent(EventTable.java:84)
	at org.eclipse.swt.widgets.Display.sendEvent(Display.java:4418)
	at org.eclipse.swt.widgets.Widget.sendEvent(Widget.java:1079)
	at org.eclipse.swt.widgets.Display.runDeferredEvents(Display.java:4236)
	at org.eclipse.swt.widgets.Display.readAndDispatch(Display.java:3824)
	at org.eclipse.jface.window.Window.runEventLoop(Window.java:818)
	at org.eclipse.jface.window.Window.open(Window.java:794)
	at org.eclipse.ui.internal.actions.NewWizardShortcutAction.run(NewWizardShortcutAction.java:133)
	at org.eclipse.jface.action.Action.runWithEvent(Action.java:473)
	at org.eclipse.jface.action.ActionContributionItem.handleWidgetSelection(ActionContributionItem.java:565)
	at org.eclipse.jface.action.ActionContributionItem.lambda$4(ActionContributionItem.java:397)
	at org.eclipse.swt.widgets.EventTable.sendEvent(EventTable.java:84)
	at org.eclipse.swt.widgets.Display.sendEvent(Display.java:4418)
	at org.eclipse.swt.widgets.Widget.sendEvent(Widget.java:1079)
	at org.eclipse.swt.widgets.Display.runDeferredEvents(Display.java:4236)
	at org.eclipse.swt.widgets.Display.readAndDispatch(Display.java:3824)
	at org.eclipse.e4.ui.internal.workbench.swt.PartRenderingEngine$4.run(PartRenderingEngine.java:1121)
	at org.eclipse.core.databinding.observable.Realm.runWithDefault(Realm.java:336)
	at org.eclipse.e4.ui.internal.workbench.swt.PartRenderingEngine.run(PartRenderingEngine.java:1022)
	at org.eclipse.e4.ui.internal.workbench.E4Workbench.createAndRunUI(E4Workbench.java:150)
	at org.eclipse.ui.internal.Workbench$5.run(Workbench.java:693)
	at org.eclipse.core.databinding.observable.Realm.runWithDefault(Realm.java:336)
	at org.eclipse.ui.internal.Workbench.createAndRunWorkbench(Workbench.java:610)
	at org.eclipse.ui.PlatformUI.createAndRunWorkbench(PlatformUI.java:148)
	at org.eclipse.ui.internal.ide.application.IDEApplication.start(IDEApplication.java:138)
	at org.eclipse.equinox.internal.app.EclipseAppHandle.run(EclipseAppHandle.java:196)
	at org.eclipse.core.runtime.internal.adaptor.EclipseAppLauncher.runApplication(EclipseAppLauncher.java:134)
	at org.eclipse.core.runtime.internal.adaptor.EclipseAppLauncher.start(EclipseAppLauncher.java:104)
	at org.eclipse.core.runtime.adaptor.EclipseStarter.run(EclipseStarter.java:388)
	at org.eclipse.core.runtime.adaptor.EclipseStarter.run(EclipseStarter.java:243)
	at sun.reflect.NativeMethodAccessorImpl.invoke0(Native Method)
	at sun.reflect.NativeMethodAccessorImpl.invoke(NativeMethodAccessorImpl.java:62)
	at sun.reflect.DelegatingMethodAccessorImpl.invoke(DelegatingMethodAccessorImpl.java:43)
	at java.lang.reflect.Method.invoke(Method.java:498)
	at org.eclipse.equinox.launcher.Main.invokeFramework(Main.java:673)
	at org.eclipse.equinox.launcher.Main.basicRun(Main.java:610)
	at org.eclipse.equinox.launcher.Main.run(Main.java:1519)
2017-10-08 16:13:36,654 ERROR [Worker-9] - System.err - log4j:WARN No appenders could be found for logger (org.eclipse.m2e.core.internal.builder.MavenBuilder).
2017-10-08 16:13:36,685 ERROR [Worker-9] - System.err - log4j:WARN Please initialize the log4j system properly.
2017-10-08 17:00:25,224 ERROR [Text Viewer Hover Presenter] - IScalaPresentationCompiler$ - Ignoring InterruptException
2017-10-08 17:00:25,280 ERROR [Text Viewer Hover Presenter] - IScalaPresentationCompiler$ - Ignoring InterruptException
2017-10-08 17:00:25,291 ERROR [Text Viewer Hover Presenter] - IScalaPresentationCompiler$ - Ignoring InterruptException
2017-10-08 17:11:05,302 ERROR [Text Viewer Hover Presenter] - IScalaPresentationCompiler$ - Ignoring InterruptException
2017-10-08 17:11:05,357 ERROR [Text Viewer Hover Presenter] - IScalaPresentationCompiler$ - Ignoring InterruptException
2017-10-08 17:11:05,358 ERROR [Text Viewer Hover Presenter] - IScalaPresentationCompiler$ - Ignoring InterruptException
2017-10-08 17:11:05,360 ERROR [Text Viewer Hover Presenter] - IScalaPresentationCompiler$ - Ignoring InterruptException
