2017-09-03 11:25:58,816 ERROR [main] - Statistics - Statistics file `C:\Users\vip\.scalaide\statistics` is corrupted. A new one is being created. Corrupted content was:

com.cedarsoftware.util.io.JsonIoException: error parsing JSON value
	at com.cedarsoftware.util.io.JsonReader.readObject(JsonReader.java:529)
	at com.cedarsoftware.util.io.JsonReader.jsonToJava(JsonReader.java:289)
	at com.cedarsoftware.util.io.JsonReader.jsonToJava(JsonReader.java:262)
	at org.scalaide.core.internal.statistics.Statistics.read(Statistics.scala:74)
	at org.scalaide.core.internal.statistics.Statistics.$anonfun$readStats$1(Statistics.scala:52)
	at org.scalaide.core.internal.statistics.Statistics.$anonfun$readStats$1$adapted(Statistics.scala:51)
	at org.scalaide.core.ScalaIdeDataStore$.$anonfun$validate$2(ScalaIdeDataStore.scala:59)
	at org.scalaide.util.eclipse.EclipseUtils$$anon$3.run(EclipseUtils.scala:230)
	at org.eclipse.core.runtime.SafeRunner.run(SafeRunner.java:42)
	at org.scalaide.util.eclipse.EclipseUtils$.withSafeRunner(EclipseUtils.scala:226)
	at org.scalaide.core.ScalaIdeDataStore$.validate(ScalaIdeDataStore.scala:59)
	at org.scalaide.core.internal.statistics.Statistics.readStats(Statistics.scala:51)
	at org.scalaide.core.internal.statistics.Statistics.<init>(Statistics.scala:30)
	at org.scalaide.core.internal.ScalaPlugin.stats$lzycompute(ScalaPlugin.scala:137)
	at org.scalaide.core.internal.ScalaPlugin.stats(ScalaPlugin.scala:137)
	at org.scalaide.core.internal.ScalaPlugin.statistics(ScalaPlugin.scala:140)
	at org.scalaide.core.internal.ScalaPlugin.start(ScalaPlugin.scala:111)
	at org.eclipse.osgi.internal.framework.BundleContextImpl$3.run(BundleContextImpl.java:774)
	at org.eclipse.osgi.internal.framework.BundleContextImpl$3.run(BundleContextImpl.java:1)
	at java.security.AccessController.doPrivileged(Native Method)
	at org.eclipse.osgi.internal.framework.BundleContextImpl.startActivator(BundleContextImpl.java:767)
	at org.eclipse.osgi.internal.framework.BundleContextImpl.start(BundleContextImpl.java:724)
	at org.eclipse.osgi.internal.framework.EquinoxBundle.startWorker0(EquinoxBundle.java:932)
	at org.eclipse.osgi.internal.framework.EquinoxBundle$EquinoxModule.startWorker(EquinoxBundle.java:309)
	at org.eclipse.osgi.container.Module.doStart(Module.java:581)
	at org.eclipse.osgi.container.Module.start(Module.java:449)
	at org.eclipse.osgi.framework.util.SecureAction.start(SecureAction.java:470)
	at org.eclipse.osgi.internal.hooks.EclipseLazyStarter.postFindLocalClass(EclipseLazyStarter.java:107)
	at org.eclipse.osgi.internal.loader.classpath.ClasspathManager.findLocalClass(ClasspathManager.java:529)
	at org.eclipse.osgi.internal.loader.ModuleClassLoader.findLocalClass(ModuleClassLoader.java:325)
	at org.eclipse.osgi.internal.loader.BundleLoader.findLocalClass(BundleLoader.java:345)
	at org.eclipse.osgi.internal.loader.BundleLoader.findClassInternal(BundleLoader.java:423)
	at org.eclipse.osgi.internal.loader.BundleLoader.findClass(BundleLoader.java:372)
	at org.eclipse.osgi.internal.loader.BundleLoader.findClass(BundleLoader.java:364)
	at org.eclipse.osgi.internal.loader.ModuleClassLoader.loadClass(ModuleClassLoader.java:161)
	at java.lang.ClassLoader.loadClass(ClassLoader.java:357)
	at org.eclipse.osgi.internal.framework.EquinoxBundle.loadClass(EquinoxBundle.java:564)
	at org.eclipse.core.internal.registry.osgi.RegistryStrategyOSGI.createExecutableExtension(RegistryStrategyOSGI.java:174)
	at org.eclipse.core.internal.registry.ExtensionRegistry.createExecutableExtension(ExtensionRegistry.java:905)
	at org.eclipse.core.internal.registry.ConfigurationElement.createExecutableExtension(ConfigurationElement.java:243)
	at org.eclipse.core.internal.registry.ConfigurationElementHandle.createExecutableExtension(ConfigurationElementHandle.java:55)
	at org.eclipse.ui.internal.registry.PerspectiveDescriptor.createFactory(PerspectiveDescriptor.java:75)
	at org.eclipse.ui.internal.WorkbenchPage.createPerspective(WorkbenchPage.java:4159)
	at org.eclipse.ui.internal.WorkbenchPage.setPerspective(WorkbenchPage.java:4068)
	at org.eclipse.ui.internal.WorkbenchWindow.setup(WorkbenchWindow.java:738)
	at sun.reflect.NativeMethodAccessorImpl.invoke0(Native Method)
	at sun.reflect.NativeMethodAccessorImpl.invoke(NativeMethodAccessorImpl.java:62)
	at sun.reflect.DelegatingMethodAccessorImpl.invoke(DelegatingMethodAccessorImpl.java:43)
	at java.lang.reflect.Method.invoke(Method.java:498)
	at org.eclipse.e4.core.internal.di.MethodRequestor.execute(MethodRequestor.java:55)
	at org.eclipse.e4.core.internal.di.InjectorImpl.processAnnotated(InjectorImpl.java:966)
	at org.eclipse.e4.core.internal.di.InjectorImpl.inject(InjectorImpl.java:151)
	at org.eclipse.e4.core.internal.di.InjectorImpl.inject(InjectorImpl.java:118)
	at org.eclipse.e4.core.contexts.ContextInjectionFactory.inject(ContextInjectionFactory.java:73)
	at org.eclipse.ui.internal.Workbench.createWorkbenchWindow(Workbench.java:1531)
	at org.eclipse.ui.internal.Workbench.openWorkbenchWindow(Workbench.java:2659)
	at org.eclipse.ui.internal.Workbench.getWorkbenchPage(Workbench.java:2089)
	at org.eclipse.ui.internal.Workbench.setReference(Workbench.java:2137)
	at org.eclipse.ui.internal.Workbench.access$28(Workbench.java:2105)
	at org.eclipse.ui.internal.Workbench$35.handleEvent(Workbench.java:2027)
	at org.eclipse.e4.ui.services.internal.events.UIEventHandler$1.run(UIEventHandler.java:40)
	at org.eclipse.swt.widgets.Synchronizer.syncExec(Synchronizer.java:233)
	at org.eclipse.ui.internal.UISynchronizer.syncExec(UISynchronizer.java:145)
	at org.eclipse.swt.widgets.Display.syncExec(Display.java:4821)
	at org.eclipse.e4.ui.internal.workbench.swt.E4Application$1.syncExec(E4Application.java:211)
	at org.eclipse.e4.ui.services.internal.events.UIEventHandler.handleEvent(UIEventHandler.java:36)
	at org.eclipse.equinox.internal.event.EventHandlerWrapper.handleEvent(EventHandlerWrapper.java:201)
	at org.eclipse.equinox.internal.event.EventHandlerTracker.dispatchEvent(EventHandlerTracker.java:197)
	at org.eclipse.equinox.internal.event.EventHandlerTracker.dispatchEvent(EventHandlerTracker.java:1)
	at org.eclipse.osgi.framework.eventmgr.EventManager.dispatchEvent(EventManager.java:230)
	at org.eclipse.osgi.framework.eventmgr.ListenerQueue.dispatchEventSynchronous(ListenerQueue.java:148)
	at org.eclipse.equinox.internal.event.EventAdminImpl.dispatchEvent(EventAdminImpl.java:135)
	at org.eclipse.equinox.internal.event.EventAdminImpl.sendEvent(EventAdminImpl.java:78)
	at org.eclipse.equinox.internal.event.EventComponent.sendEvent(EventComponent.java:39)
	at org.eclipse.e4.ui.services.internal.events.EventBroker.send(EventBroker.java:94)
	at org.eclipse.e4.ui.internal.workbench.UIEventPublisher.notifyChanged(UIEventPublisher.java:60)
	at org.eclipse.emf.common.notify.impl.BasicNotifierImpl.eNotify(BasicNotifierImpl.java:374)
	at org.eclipse.e4.ui.model.application.ui.basic.impl.PartImpl.setContext(PartImpl.java:431)
	at org.eclipse.e4.ui.internal.workbench.swt.PartRenderingEngine.safeCreateGui(PartRenderingEngine.java:626)
	at org.eclipse.e4.ui.internal.workbench.swt.PartRenderingEngine$1.run(PartRenderingEngine.java:536)
	at org.eclipse.core.runtime.SafeRunner.run(SafeRunner.java:42)
	at org.eclipse.e4.ui.internal.workbench.swt.PartRenderingEngine.createGui(PartRenderingEngine.java:520)
	at org.eclipse.e4.ui.workbench.renderers.swt.ElementReferenceRenderer.createWidget(ElementReferenceRenderer.java:70)
	at org.eclipse.e4.ui.internal.workbench.swt.PartRenderingEngine.createWidget(PartRenderingEngine.java:975)
	at org.eclipse.e4.ui.internal.workbench.swt.PartRenderingEngine.safeCreateGui(PartRenderingEngine.java:651)
	at org.eclipse.e4.ui.internal.workbench.swt.PartRenderingEngine.safeCreateGui(PartRenderingEngine.java:757)
	at org.eclipse.e4.ui.internal.workbench.swt.PartRenderingEngine.access$0(PartRenderingEngine.java:728)
	at org.eclipse.e4.ui.internal.workbench.swt.PartRenderingEngine$2.run(PartRenderingEngine.java:722)
	at org.eclipse.core.runtime.SafeRunner.run(SafeRunner.java:42)
	at org.eclipse.e4.ui.internal.workbench.swt.PartRenderingEngine.createGui(PartRenderingEngine.java:706)
	at org.eclipse.e4.ui.workbench.renderers.swt.StackRenderer.showTab(StackRenderer.java:1324)
	at org.eclipse.e4.ui.workbench.renderers.swt.LazyStackRenderer.postProcess(LazyStackRenderer.java:103)
	at org.eclipse.e4.ui.internal.workbench.swt.PartRenderingEngine.safeCreateGui(PartRenderingEngine.java:669)
	at org.eclipse.e4.ui.internal.workbench.swt.PartRenderingEngine.safeCreateGui(PartRenderingEngine.java:757)
	at org.eclipse.e4.ui.internal.workbench.swt.PartRenderingEngine.access$0(PartRenderingEngine.java:728)
	at org.eclipse.e4.ui.internal.workbench.swt.PartRenderingEngine$2.run(PartRenderingEngine.java:722)
	at org.eclipse.core.runtime.SafeRunner.run(SafeRunner.java:42)
	at org.eclipse.e4.ui.internal.workbench.swt.PartRenderingEngine.createGui(PartRenderingEngine.java:706)
	at org.eclipse.e4.ui.workbench.renderers.swt.SWTPartRenderer.processContents(SWTPartRenderer.java:70)
	at org.eclipse.e4.ui.workbench.renderers.swt.SashRenderer.processContents(SashRenderer.java:142)
	at org.eclipse.e4.ui.internal.workbench.swt.PartRenderingEngine.safeCreateGui(PartRenderingEngine.java:665)
	at org.eclipse.e4.ui.internal.workbench.swt.PartRenderingEngine.safeCreateGui(PartRenderingEngine.java:757)
	at org.eclipse.e4.ui.internal.workbench.swt.PartRenderingEngine.access$0(PartRenderingEngine.java:728)
	at org.eclipse.e4.ui.internal.workbench.swt.PartRenderingEngine$2.run(PartRenderingEngine.java:722)
	at org.eclipse.core.runtime.SafeRunner.run(SafeRunner.java:42)
	at org.eclipse.e4.ui.internal.workbench.swt.PartRenderingEngine.createGui(PartRenderingEngine.java:706)
	at org.eclipse.e4.ui.workbench.renderers.swt.SWTPartRenderer.processContents(SWTPartRenderer.java:70)
	at org.eclipse.e4.ui.workbench.renderers.swt.PerspectiveRenderer.processContents(PerspectiveRenderer.java:49)
	at org.eclipse.e4.ui.internal.workbench.swt.PartRenderingEngine.safeCreateGui(PartRenderingEngine.java:665)
	at org.eclipse.e4.ui.internal.workbench.swt.PartRenderingEngine.safeCreateGui(PartRenderingEngine.java:757)
	at org.eclipse.e4.ui.internal.workbench.swt.PartRenderingEngine.access$0(PartRenderingEngine.java:728)
	at org.eclipse.e4.ui.internal.workbench.swt.PartRenderingEngine$2.run(PartRenderingEngine.java:722)
	at org.eclipse.core.runtime.SafeRunner.run(SafeRunner.java:42)
	at org.eclipse.e4.ui.internal.workbench.swt.PartRenderingEngine.createGui(PartRenderingEngine.java:706)
	at org.eclipse.e4.ui.workbench.renderers.swt.PerspectiveStackRenderer.showTab(PerspectiveStackRenderer.java:82)
	at org.eclipse.e4.ui.workbench.renderers.swt.LazyStackRenderer.postProcess(LazyStackRenderer.java:103)
	at org.eclipse.e4.ui.workbench.renderers.swt.PerspectiveStackRenderer.postProcess(PerspectiveStackRenderer.java:63)
	at org.eclipse.e4.ui.internal.workbench.swt.PartRenderingEngine.safeCreateGui(PartRenderingEngine.java:669)
	at org.eclipse.e4.ui.internal.workbench.swt.PartRenderingEngine.safeCreateGui(PartRenderingEngine.java:757)
	at org.eclipse.e4.ui.internal.workbench.swt.PartRenderingEngine.access$0(PartRenderingEngine.java:728)
	at org.eclipse.e4.ui.internal.workbench.swt.PartRenderingEngine$2.run(PartRenderingEngine.java:722)
	at org.eclipse.core.runtime.SafeRunner.run(SafeRunner.java:42)
	at org.eclipse.e4.ui.internal.workbench.swt.PartRenderingEngine.createGui(PartRenderingEngine.java:706)
	at org.eclipse.e4.ui.workbench.renderers.swt.SWTPartRenderer.processContents(SWTPartRenderer.java:70)
	at org.eclipse.e4.ui.workbench.renderers.swt.SashRenderer.processContents(SashRenderer.java:142)
	at org.eclipse.e4.ui.internal.workbench.swt.PartRenderingEngine.safeCreateGui(PartRenderingEngine.java:665)
	at org.eclipse.e4.ui.internal.workbench.swt.PartRenderingEngine.safeCreateGui(PartRenderingEngine.java:757)
	at org.eclipse.e4.ui.internal.workbench.swt.PartRenderingEngine.access$0(PartRenderingEngine.java:728)
	at org.eclipse.e4.ui.internal.workbench.swt.PartRenderingEngine$2.run(PartRenderingEngine.java:722)
	at org.eclipse.core.runtime.SafeRunner.run(SafeRunner.java:42)
	at org.eclipse.e4.ui.internal.workbench.swt.PartRenderingEngine.createGui(PartRenderingEngine.java:706)
	at org.eclipse.e4.ui.workbench.renderers.swt.SWTPartRenderer.processContents(SWTPartRenderer.java:70)
	at org.eclipse.e4.ui.workbench.renderers.swt.WBWRenderer.processContents(WBWRenderer.java:725)
	at org.eclipse.e4.ui.internal.workbench.swt.PartRenderingEngine.safeCreateGui(PartRenderingEngine.java:665)
	at org.eclipse.e4.ui.internal.workbench.swt.PartRenderingEngine.safeCreateGui(PartRenderingEngine.java:757)
	at org.eclipse.e4.ui.internal.workbench.swt.PartRenderingEngine.access$0(PartRenderingEngine.java:728)
	at org.eclipse.e4.ui.internal.workbench.swt.PartRenderingEngine$2.run(PartRenderingEngine.java:722)
	at org.eclipse.core.runtime.SafeRunner.run(SafeRunner.java:42)
	at org.eclipse.e4.ui.internal.workbench.swt.PartRenderingEngine.createGui(PartRenderingEngine.java:706)
	at org.eclipse.e4.ui.internal.workbench.swt.PartRenderingEngine$4.run(PartRenderingEngine.java:1059)
	at org.eclipse.core.databinding.observable.Realm.runWithDefault(Realm.java:336)
	at org.eclipse.e4.ui.internal.workbench.swt.PartRenderingEngine.run(PartRenderingEngine.java:1022)
	at org.eclipse.e4.ui.internal.workbench.E4Workbench.createAndRunUI(E4Workbench.java:150)
	at org.eclipse.ui.internal.Workbench$5.run(Workbench.java:693)
	at org.eclipse.core.databinding.observable.Realm.runWithDefault(Realm.java:336)
	at org.eclipse.ui.internal.Workbench.createAndRunWorkbench(Workbench.java:610)
	at org.eclipse.ui.PlatformUI.createAndRunWorkbench(PlatformUI.java:148)
	at org.eclipse.ui.internal.ide.application.IDEApplication.start(IDEApplication.java:138)
	at org.eclipse.equinox.internal.app.EclipseAppHandle.run(EclipseAppHandle.java:196)
	at org.eclipse.core.runtime.internal.adaptor.EclipseAppLauncher.runApplication(EclipseAppLauncher.java:134)
	at org.eclipse.core.runtime.internal.adaptor.EclipseAppLauncher.start(EclipseAppLauncher.java:104)
	at org.eclipse.core.runtime.adaptor.EclipseStarter.run(EclipseStarter.java:388)
	at org.eclipse.core.runtime.adaptor.EclipseStarter.run(EclipseStarter.java:243)
	at sun.reflect.NativeMethodAccessorImpl.invoke0(Native Method)
	at sun.reflect.NativeMethodAccessorImpl.invoke(NativeMethodAccessorImpl.java:62)
	at sun.reflect.DelegatingMethodAccessorImpl.invoke(DelegatingMethodAccessorImpl.java:43)
	at java.lang.reflect.Method.invoke(Method.java:498)
	at org.eclipse.equinox.launcher.Main.invokeFramework(Main.java:673)
	at org.eclipse.equinox.launcher.Main.basicRun(Main.java:610)
	at org.eclipse.equinox.launcher.Main.run(Main.java:1519)
Caused by: com.cedarsoftware.util.io.JsonIoException: EOF reached prematurely
	at com.cedarsoftware.util.io.JsonParser.error(JsonParser.java:584)
	at com.cedarsoftware.util.io.JsonParser.readValue(JsonParser.java:278)
	at com.cedarsoftware.util.io.JsonReader.readObject(JsonReader.java:521)
	... 159 more
2017-09-03 15:16:26,925 ERROR [Worker-30] - System.err - log4j:WARN No appenders could be found for logger (org.eclipse.m2e.core.internal.builder.MavenBuilder).
2017-09-03 15:16:27,090 ERROR [Worker-30] - System.err - log4j:WARN Please initialize the log4j system properly.
2017-09-03 17:14:02,551 ERROR [main] - Statistics - Statistics file `C:\Users\vip\.scalaide\statistics` is corrupted. A new one is being created. Corrupted content was:

com.cedarsoftware.util.io.JsonIoException: error parsing JSON value
	at com.cedarsoftware.util.io.JsonReader.readObject(JsonReader.java:529)
	at com.cedarsoftware.util.io.JsonReader.jsonToJava(JsonReader.java:289)
	at com.cedarsoftware.util.io.JsonReader.jsonToJava(JsonReader.java:262)
	at org.scalaide.core.internal.statistics.Statistics.read(Statistics.scala:74)
	at org.scalaide.core.internal.statistics.Statistics.$anonfun$readStats$1(Statistics.scala:52)
	at org.scalaide.core.internal.statistics.Statistics.$anonfun$readStats$1$adapted(Statistics.scala:51)
	at org.scalaide.core.ScalaIdeDataStore$.$anonfun$validate$2(ScalaIdeDataStore.scala:59)
	at org.scalaide.util.eclipse.EclipseUtils$$anon$3.run(EclipseUtils.scala:230)
	at org.eclipse.core.runtime.SafeRunner.run(SafeRunner.java:42)
	at org.scalaide.util.eclipse.EclipseUtils$.withSafeRunner(EclipseUtils.scala:226)
	at org.scalaide.core.ScalaIdeDataStore$.validate(ScalaIdeDataStore.scala:59)
	at org.scalaide.core.internal.statistics.Statistics.readStats(Statistics.scala:51)
	at org.scalaide.core.internal.statistics.Statistics.<init>(Statistics.scala:30)
	at org.scalaide.core.internal.ScalaPlugin.stats$lzycompute(ScalaPlugin.scala:137)
	at org.scalaide.core.internal.ScalaPlugin.stats(ScalaPlugin.scala:137)
	at org.scalaide.core.internal.ScalaPlugin.statistics(ScalaPlugin.scala:140)
	at org.scalaide.core.internal.ScalaPlugin.start(ScalaPlugin.scala:111)
	at org.eclipse.osgi.internal.framework.BundleContextImpl$3.run(BundleContextImpl.java:774)
	at org.eclipse.osgi.internal.framework.BundleContextImpl$3.run(BundleContextImpl.java:1)
	at java.security.AccessController.doPrivileged(Native Method)
	at org.eclipse.osgi.internal.framework.BundleContextImpl.startActivator(BundleContextImpl.java:767)
	at org.eclipse.osgi.internal.framework.BundleContextImpl.start(BundleContextImpl.java:724)
	at org.eclipse.osgi.internal.framework.EquinoxBundle.startWorker0(EquinoxBundle.java:932)
	at org.eclipse.osgi.internal.framework.EquinoxBundle$EquinoxModule.startWorker(EquinoxBundle.java:309)
	at org.eclipse.osgi.container.Module.doStart(Module.java:581)
	at org.eclipse.osgi.container.Module.start(Module.java:449)
	at org.eclipse.osgi.framework.util.SecureAction.start(SecureAction.java:470)
	at org.eclipse.osgi.internal.hooks.EclipseLazyStarter.postFindLocalClass(EclipseLazyStarter.java:107)
	at org.eclipse.osgi.internal.loader.classpath.ClasspathManager.findLocalClass(ClasspathManager.java:529)
	at org.eclipse.osgi.internal.loader.ModuleClassLoader.findLocalClass(ModuleClassLoader.java:325)
	at org.eclipse.osgi.internal.loader.BundleLoader.findLocalClass(BundleLoader.java:345)
	at org.eclipse.osgi.internal.loader.BundleLoader.findClassInternal(BundleLoader.java:423)
	at org.eclipse.osgi.internal.loader.BundleLoader.findClass(BundleLoader.java:372)
	at org.eclipse.osgi.internal.loader.BundleLoader.findClass(BundleLoader.java:364)
	at org.eclipse.osgi.internal.loader.ModuleClassLoader.loadClass(ModuleClassLoader.java:161)
	at java.lang.ClassLoader.loadClass(ClassLoader.java:357)
	at org.eclipse.osgi.internal.framework.EquinoxBundle.loadClass(EquinoxBundle.java:564)
	at org.eclipse.core.internal.registry.osgi.RegistryStrategyOSGI.createExecutableExtension(RegistryStrategyOSGI.java:174)
	at org.eclipse.core.internal.registry.ExtensionRegistry.createExecutableExtension(ExtensionRegistry.java:905)
	at org.eclipse.core.internal.registry.ConfigurationElement.createExecutableExtension(ConfigurationElement.java:243)
	at org.eclipse.core.internal.registry.ConfigurationElementHandle.createExecutableExtension(ConfigurationElementHandle.java:55)
	at org.eclipse.ui.internal.registry.PerspectiveDescriptor.createFactory(PerspectiveDescriptor.java:75)
	at org.eclipse.ui.internal.WorkbenchPage.createPerspective(WorkbenchPage.java:4159)
	at org.eclipse.ui.internal.WorkbenchPage.setPerspective(WorkbenchPage.java:4068)
	at org.eclipse.ui.internal.WorkbenchWindow.setup(WorkbenchWindow.java:738)
	at sun.reflect.NativeMethodAccessorImpl.invoke0(Native Method)
	at sun.reflect.NativeMethodAccessorImpl.invoke(NativeMethodAccessorImpl.java:62)
	at sun.reflect.DelegatingMethodAccessorImpl.invoke(DelegatingMethodAccessorImpl.java:43)
	at java.lang.reflect.Method.invoke(Method.java:498)
	at org.eclipse.e4.core.internal.di.MethodRequestor.execute(MethodRequestor.java:55)
	at org.eclipse.e4.core.internal.di.InjectorImpl.processAnnotated(InjectorImpl.java:966)
	at org.eclipse.e4.core.internal.di.InjectorImpl.inject(InjectorImpl.java:151)
	at org.eclipse.e4.core.internal.di.InjectorImpl.inject(InjectorImpl.java:118)
	at org.eclipse.e4.core.contexts.ContextInjectionFactory.inject(ContextInjectionFactory.java:73)
	at org.eclipse.ui.internal.Workbench.createWorkbenchWindow(Workbench.java:1531)
	at org.eclipse.ui.internal.Workbench.openWorkbenchWindow(Workbench.java:2659)
	at org.eclipse.ui.internal.Workbench.getWorkbenchPage(Workbench.java:2089)
	at org.eclipse.ui.internal.Workbench.setReference(Workbench.java:2137)
	at org.eclipse.ui.internal.Workbench.access$28(Workbench.java:2105)
	at org.eclipse.ui.internal.Workbench$35.handleEvent(Workbench.java:2027)
	at org.eclipse.e4.ui.services.internal.events.UIEventHandler$1.run(UIEventHandler.java:40)
	at org.eclipse.swt.widgets.Synchronizer.syncExec(Synchronizer.java:233)
	at org.eclipse.ui.internal.UISynchronizer.syncExec(UISynchronizer.java:145)
	at org.eclipse.swt.widgets.Display.syncExec(Display.java:4821)
	at org.eclipse.e4.ui.internal.workbench.swt.E4Application$1.syncExec(E4Application.java:211)
	at org.eclipse.e4.ui.services.internal.events.UIEventHandler.handleEvent(UIEventHandler.java:36)
	at org.eclipse.equinox.internal.event.EventHandlerWrapper.handleEvent(EventHandlerWrapper.java:201)
	at org.eclipse.equinox.internal.event.EventHandlerTracker.dispatchEvent(EventHandlerTracker.java:197)
	at org.eclipse.equinox.internal.event.EventHandlerTracker.dispatchEvent(EventHandlerTracker.java:1)
	at org.eclipse.osgi.framework.eventmgr.EventManager.dispatchEvent(EventManager.java:230)
	at org.eclipse.osgi.framework.eventmgr.ListenerQueue.dispatchEventSynchronous(ListenerQueue.java:148)
	at org.eclipse.equinox.internal.event.EventAdminImpl.dispatchEvent(EventAdminImpl.java:135)
	at org.eclipse.equinox.internal.event.EventAdminImpl.sendEvent(EventAdminImpl.java:78)
	at org.eclipse.equinox.internal.event.EventComponent.sendEvent(EventComponent.java:39)
	at org.eclipse.e4.ui.services.internal.events.EventBroker.send(EventBroker.java:94)
	at org.eclipse.e4.ui.internal.workbench.UIEventPublisher.notifyChanged(UIEventPublisher.java:60)
	at org.eclipse.emf.common.notify.impl.BasicNotifierImpl.eNotify(BasicNotifierImpl.java:374)
	at org.eclipse.e4.ui.model.application.ui.basic.impl.PartImpl.setContext(PartImpl.java:431)
	at org.eclipse.e4.ui.internal.workbench.swt.PartRenderingEngine.safeCreateGui(PartRenderingEngine.java:626)
	at org.eclipse.e4.ui.internal.workbench.swt.PartRenderingEngine$1.run(PartRenderingEngine.java:536)
	at org.eclipse.core.runtime.SafeRunner.run(SafeRunner.java:42)
	at org.eclipse.e4.ui.internal.workbench.swt.PartRenderingEngine.createGui(PartRenderingEngine.java:520)
	at org.eclipse.e4.ui.workbench.renderers.swt.ElementReferenceRenderer.createWidget(ElementReferenceRenderer.java:70)
	at org.eclipse.e4.ui.internal.workbench.swt.PartRenderingEngine.createWidget(PartRenderingEngine.java:975)
	at org.eclipse.e4.ui.internal.workbench.swt.PartRenderingEngine.safeCreateGui(PartRenderingEngine.java:651)
	at org.eclipse.e4.ui.internal.workbench.swt.PartRenderingEngine.safeCreateGui(PartRenderingEngine.java:757)
	at org.eclipse.e4.ui.internal.workbench.swt.PartRenderingEngine.access$0(PartRenderingEngine.java:728)
	at org.eclipse.e4.ui.internal.workbench.swt.PartRenderingEngine$2.run(PartRenderingEngine.java:722)
	at org.eclipse.core.runtime.SafeRunner.run(SafeRunner.java:42)
	at org.eclipse.e4.ui.internal.workbench.swt.PartRenderingEngine.createGui(PartRenderingEngine.java:706)
	at org.eclipse.e4.ui.workbench.renderers.swt.StackRenderer.showTab(StackRenderer.java:1324)
	at org.eclipse.e4.ui.workbench.renderers.swt.LazyStackRenderer.postProcess(LazyStackRenderer.java:103)
	at org.eclipse.e4.ui.internal.workbench.swt.PartRenderingEngine.safeCreateGui(PartRenderingEngine.java:669)
	at org.eclipse.e4.ui.internal.workbench.swt.PartRenderingEngine.safeCreateGui(PartRenderingEngine.java:757)
	at org.eclipse.e4.ui.internal.workbench.swt.PartRenderingEngine.access$0(PartRenderingEngine.java:728)
	at org.eclipse.e4.ui.internal.workbench.swt.PartRenderingEngine$2.run(PartRenderingEngine.java:722)
	at org.eclipse.core.runtime.SafeRunner.run(SafeRunner.java:42)
	at org.eclipse.e4.ui.internal.workbench.swt.PartRenderingEngine.createGui(PartRenderingEngine.java:706)
	at org.eclipse.e4.ui.workbench.renderers.swt.SWTPartRenderer.processContents(SWTPartRenderer.java:70)
	at org.eclipse.e4.ui.workbench.renderers.swt.SashRenderer.processContents(SashRenderer.java:142)
	at org.eclipse.e4.ui.internal.workbench.swt.PartRenderingEngine.safeCreateGui(PartRenderingEngine.java:665)
	at org.eclipse.e4.ui.internal.workbench.swt.PartRenderingEngine.safeCreateGui(PartRenderingEngine.java:757)
	at org.eclipse.e4.ui.internal.workbench.swt.PartRenderingEngine.access$0(PartRenderingEngine.java:728)
	at org.eclipse.e4.ui.internal.workbench.swt.PartRenderingEngine$2.run(PartRenderingEngine.java:722)
	at org.eclipse.core.runtime.SafeRunner.run(SafeRunner.java:42)
	at org.eclipse.e4.ui.internal.workbench.swt.PartRenderingEngine.createGui(PartRenderingEngine.java:706)
	at org.eclipse.e4.ui.workbench.renderers.swt.SWTPartRenderer.processContents(SWTPartRenderer.java:70)
	at org.eclipse.e4.ui.workbench.renderers.swt.PerspectiveRenderer.processContents(PerspectiveRenderer.java:49)
	at org.eclipse.e4.ui.internal.workbench.swt.PartRenderingEngine.safeCreateGui(PartRenderingEngine.java:665)
	at org.eclipse.e4.ui.internal.workbench.swt.PartRenderingEngine.safeCreateGui(PartRenderingEngine.java:757)
	at org.eclipse.e4.ui.internal.workbench.swt.PartRenderingEngine.access$0(PartRenderingEngine.java:728)
	at org.eclipse.e4.ui.internal.workbench.swt.PartRenderingEngine$2.run(PartRenderingEngine.java:722)
	at org.eclipse.core.runtime.SafeRunner.run(SafeRunner.java:42)
	at org.eclipse.e4.ui.internal.workbench.swt.PartRenderingEngine.createGui(PartRenderingEngine.java:706)
	at org.eclipse.e4.ui.workbench.renderers.swt.PerspectiveStackRenderer.showTab(PerspectiveStackRenderer.java:82)
	at org.eclipse.e4.ui.workbench.renderers.swt.LazyStackRenderer.postProcess(LazyStackRenderer.java:103)
	at org.eclipse.e4.ui.workbench.renderers.swt.PerspectiveStackRenderer.postProcess(PerspectiveStackRenderer.java:63)
	at org.eclipse.e4.ui.internal.workbench.swt.PartRenderingEngine.safeCreateGui(PartRenderingEngine.java:669)
	at org.eclipse.e4.ui.internal.workbench.swt.PartRenderingEngine.safeCreateGui(PartRenderingEngine.java:757)
	at org.eclipse.e4.ui.internal.workbench.swt.PartRenderingEngine.access$0(PartRenderingEngine.java:728)
	at org.eclipse.e4.ui.internal.workbench.swt.PartRenderingEngine$2.run(PartRenderingEngine.java:722)
	at org.eclipse.core.runtime.SafeRunner.run(SafeRunner.java:42)
	at org.eclipse.e4.ui.internal.workbench.swt.PartRenderingEngine.createGui(PartRenderingEngine.java:706)
	at org.eclipse.e4.ui.workbench.renderers.swt.SWTPartRenderer.processContents(SWTPartRenderer.java:70)
	at org.eclipse.e4.ui.workbench.renderers.swt.SashRenderer.processContents(SashRenderer.java:142)
	at org.eclipse.e4.ui.internal.workbench.swt.PartRenderingEngine.safeCreateGui(PartRenderingEngine.java:665)
	at org.eclipse.e4.ui.internal.workbench.swt.PartRenderingEngine.safeCreateGui(PartRenderingEngine.java:757)
	at org.eclipse.e4.ui.internal.workbench.swt.PartRenderingEngine.access$0(PartRenderingEngine.java:728)
	at org.eclipse.e4.ui.internal.workbench.swt.PartRenderingEngine$2.run(PartRenderingEngine.java:722)
	at org.eclipse.core.runtime.SafeRunner.run(SafeRunner.java:42)
	at org.eclipse.e4.ui.internal.workbench.swt.PartRenderingEngine.createGui(PartRenderingEngine.java:706)
	at org.eclipse.e4.ui.workbench.renderers.swt.SWTPartRenderer.processContents(SWTPartRenderer.java:70)
	at org.eclipse.e4.ui.workbench.renderers.swt.WBWRenderer.processContents(WBWRenderer.java:725)
	at org.eclipse.e4.ui.internal.workbench.swt.PartRenderingEngine.safeCreateGui(PartRenderingEngine.java:665)
	at org.eclipse.e4.ui.internal.workbench.swt.PartRenderingEngine.safeCreateGui(PartRenderingEngine.java:757)
	at org.eclipse.e4.ui.internal.workbench.swt.PartRenderingEngine.access$0(PartRenderingEngine.java:728)
	at org.eclipse.e4.ui.internal.workbench.swt.PartRenderingEngine$2.run(PartRenderingEngine.java:722)
	at org.eclipse.core.runtime.SafeRunner.run(SafeRunner.java:42)
	at org.eclipse.e4.ui.internal.workbench.swt.PartRenderingEngine.createGui(PartRenderingEngine.java:706)
	at org.eclipse.e4.ui.internal.workbench.swt.PartRenderingEngine$4.run(PartRenderingEngine.java:1059)
	at org.eclipse.core.databinding.observable.Realm.runWithDefault(Realm.java:336)
	at org.eclipse.e4.ui.internal.workbench.swt.PartRenderingEngine.run(PartRenderingEngine.java:1022)
	at org.eclipse.e4.ui.internal.workbench.E4Workbench.createAndRunUI(E4Workbench.java:150)
	at org.eclipse.ui.internal.Workbench$5.run(Workbench.java:693)
	at org.eclipse.core.databinding.observable.Realm.runWithDefault(Realm.java:336)
	at org.eclipse.ui.internal.Workbench.createAndRunWorkbench(Workbench.java:610)
	at org.eclipse.ui.PlatformUI.createAndRunWorkbench(PlatformUI.java:148)
	at org.eclipse.ui.internal.ide.application.IDEApplication.start(IDEApplication.java:138)
	at org.eclipse.equinox.internal.app.EclipseAppHandle.run(EclipseAppHandle.java:196)
	at org.eclipse.core.runtime.internal.adaptor.EclipseAppLauncher.runApplication(EclipseAppLauncher.java:134)
	at org.eclipse.core.runtime.internal.adaptor.EclipseAppLauncher.start(EclipseAppLauncher.java:104)
	at org.eclipse.core.runtime.adaptor.EclipseStarter.run(EclipseStarter.java:388)
	at org.eclipse.core.runtime.adaptor.EclipseStarter.run(EclipseStarter.java:243)
	at sun.reflect.NativeMethodAccessorImpl.invoke0(Native Method)
	at sun.reflect.NativeMethodAccessorImpl.invoke(NativeMethodAccessorImpl.java:62)
	at sun.reflect.DelegatingMethodAccessorImpl.invoke(DelegatingMethodAccessorImpl.java:43)
	at java.lang.reflect.Method.invoke(Method.java:498)
	at org.eclipse.equinox.launcher.Main.invokeFramework(Main.java:673)
	at org.eclipse.equinox.launcher.Main.basicRun(Main.java:610)
	at org.eclipse.equinox.launcher.Main.run(Main.java:1519)
Caused by: com.cedarsoftware.util.io.JsonIoException: EOF reached prematurely
	at com.cedarsoftware.util.io.JsonParser.error(JsonParser.java:584)
	at com.cedarsoftware.util.io.JsonParser.readValue(JsonParser.java:278)
	at com.cedarsoftware.util.io.JsonReader.readObject(JsonReader.java:521)
	... 159 more
2017-09-03 17:15:47,974  WARN [ModalContext] - ScalaProject - Project ScalaProject has platform default sourceLevel.
2017-09-03 17:15:47,977  WARN [ModalContext] - ScalaProject - Project ScalaProject runs on platform default installation.
2017-09-03 17:15:52,520  WARN [Worker-6] - ScalaProject - Project ScalaProject has platform default sourceLevel.
2017-09-03 17:15:52,520  WARN [Worker-6] - ScalaProject - Project ScalaProject runs on platform default installation.
2017-09-03 17:16:23,285  WARN [Worker-5] - ScalaProject - Project ScalaProject has platform default sourceLevel.
2017-09-03 17:16:23,285  WARN [Worker-5] - ScalaProject - Project ScalaProject runs on platform default installation.
2017-09-03 17:17:11,138  WARN [main] - ScalaProject - Project ScalaProject has platform default sourceLevel.
2017-09-03 17:17:11,138  WARN [main] - ScalaProject - Project ScalaProject runs on platform default installation.
2017-09-03 17:17:19,359  WARN [Worker-4] - ScalaProject - Project ScalaProject has platform default sourceLevel.
2017-09-03 17:17:19,359  WARN [Worker-4] - ScalaProject - Project ScalaProject runs on platform default installation.
2017-09-03 17:17:19,751  WARN [Java indexing] - ScalaProject - Project ScalaProject has platform default sourceLevel.
2017-09-03 17:17:19,752  WARN [Java indexing] - ScalaProject - Project ScalaProject runs on platform default installation.
2017-09-03 17:17:21,518  WARN [Worker-8] - ScalaProject - Project ScalaProject has platform default sourceLevel.
2017-09-03 17:17:21,519  WARN [Worker-8] - ScalaProject - Project ScalaProject runs on platform default installation.
2017-09-03 17:17:33,508  WARN [Worker-9] - ScalaProject - Project ScalaProject has platform default sourceLevel.
2017-09-03 17:17:33,508  WARN [Worker-9] - ScalaProject - Project ScalaProject runs on platform default installation.
2017-09-03 17:17:48,100  WARN [org.scalaide.ui.internal.reconciliation.ScalaReconciler] - ImplicitHighlightingPresenter - Timeout while waiting for `askLoadedTyped` during semantic highlighting.
2017-09-03 17:18:01,572  WARN [Worker-4] - ScalaProject - Project ScalaProject has platform default sourceLevel.
2017-09-03 17:18:01,572  WARN [Worker-4] - ScalaProject - Project ScalaProject runs on platform default installation.
2017-09-03 17:18:48,843  WARN [Worker-8] - ScalaProject - Project ScalaProject has platform default sourceLevel.
2017-09-03 17:18:48,843  WARN [Worker-8] - ScalaProject - Project ScalaProject runs on platform default installation.
2017-09-03 17:19:35,263  WARN [Worker-10] - ScalaProject - Project ScalaProject has platform default sourceLevel.
2017-09-03 17:19:35,263  WARN [Worker-10] - ScalaProject - Project ScalaProject runs on platform default installation.
2017-09-03 17:20:10,097  WARN [Worker-5] - ScalaProject - Project ScalaProject has platform default sourceLevel.
2017-09-03 17:20:10,097  WARN [Worker-5] - ScalaProject - Project ScalaProject runs on platform default installation.
2017-09-03 17:21:03,796  WARN [Worker-9] - ScalaProject - Project ScalaProject has platform default sourceLevel.
2017-09-03 17:21:03,796  WARN [Worker-9] - ScalaProject - Project ScalaProject runs on platform default installation.
2017-09-03 17:21:27,224  WARN [Worker-0] - ScalaProject - Project ScalaProject has platform default sourceLevel.
2017-09-03 17:21:27,224  WARN [Worker-0] - ScalaProject - Project ScalaProject runs on platform default installation.
2017-09-03 17:22:02,434  WARN [Worker-10] - ScalaProject - Project ScalaProject has platform default sourceLevel.
2017-09-03 17:22:02,434  WARN [Worker-10] - ScalaProject - Project ScalaProject runs on platform default installation.
2017-09-03 17:25:07,145  WARN [Worker-9] - ScalaProject - Project ScalaProject has platform default sourceLevel.
2017-09-03 17:25:07,146  WARN [Worker-9] - ScalaProject - Project ScalaProject runs on platform default installation.
2017-09-03 17:25:13,834  WARN [Worker-0] - ScalaProject - Project ScalaProject has platform default sourceLevel.
2017-09-03 17:25:13,834  WARN [Worker-0] - ScalaProject - Project ScalaProject runs on platform default installation.
2017-09-03 17:26:11,052  WARN [Worker-10] - ScalaProject - Project ScalaProject has platform default sourceLevel.
2017-09-03 17:26:11,052  WARN [Worker-10] - ScalaProject - Project ScalaProject runs on platform default installation.
2017-09-03 17:27:50,491  WARN [Worker-9] - ScalaProject - Project ScalaProject has platform default sourceLevel.
2017-09-03 17:27:50,491  WARN [Worker-9] - ScalaProject - Project ScalaProject runs on platform default installation.
2017-09-03 17:27:50,688  WARN [org.scalaide.ui.internal.reconciliation.ScalaReconciler] - ImplicitHighlightingPresenter - Timeout while waiting for `askLoadedTyped` during semantic highlighting.
2017-09-03 17:28:11,631  WARN [Worker-10] - ScalaProject - Project ScalaProject has platform default sourceLevel.
2017-09-03 17:28:11,631  WARN [Worker-10] - ScalaProject - Project ScalaProject runs on platform default installation.
2017-09-03 17:29:53,330  WARN [org.scalaide.ui.internal.reconciliation.ScalaReconciler] - CallByNameParamAtCreationPresenter - Timeout while waiting for `askLoadedTyped` during semantic highlighting.
2017-09-03 17:30:24,838  WARN [Worker-5] - ScalaProject - Project ScalaProject has platform default sourceLevel.
2017-09-03 17:30:24,838  WARN [Worker-5] - ScalaProject - Project ScalaProject runs on platform default installation.
2017-09-03 17:30:57,779  WARN [Worker-11] - ScalaProject - Project ScalaProject has platform default sourceLevel.
2017-09-03 17:30:57,779  WARN [Worker-11] - ScalaProject - Project ScalaProject runs on platform default installation.
2017-09-03 17:31:17,323  WARN [Worker-11] - ScalaProject - Project ScalaProject has platform default sourceLevel.
2017-09-03 17:31:17,323  WARN [Worker-11] - ScalaProject - Project ScalaProject runs on platform default installation.
2017-09-03 17:32:54,197  WARN [Worker-13] - ScalaProject - Project ScalaProject has platform default sourceLevel.
2017-09-03 17:32:54,198  WARN [Worker-13] - ScalaProject - Project ScalaProject runs on platform default installation.
2017-09-03 17:33:14,114  WARN [Worker-11] - ScalaProject - Project ScalaProject has platform default sourceLevel.
2017-09-03 17:33:14,114  WARN [Worker-11] - ScalaProject - Project ScalaProject runs on platform default installation.
2017-09-03 17:33:43,195  WARN [Worker-11] - ScalaProject - Project ScalaProject has platform default sourceLevel.
2017-09-03 17:33:43,195  WARN [Worker-11] - ScalaProject - Project ScalaProject runs on platform default installation.
2017-09-03 17:36:16,506  WARN [Worker-14] - ScalaProject - Project ScalaProject has platform default sourceLevel.
2017-09-03 17:36:16,506  WARN [Worker-14] - ScalaProject - Project ScalaProject runs on platform default installation.
2017-09-03 17:36:32,976  WARN [Worker-5] - ScalaProject - Project ScalaProject has platform default sourceLevel.
2017-09-03 17:36:32,976  WARN [Worker-5] - ScalaProject - Project ScalaProject runs on platform default installation.
2017-09-03 17:40:42,050  WARN [main] - ScalaProject - Project ScalaProject has platform default sourceLevel.
2017-09-03 17:40:42,051  WARN [main] - ScalaProject - Project ScalaProject runs on platform default installation.
2017-09-03 17:40:42,208  WARN [Worker-17] - ScalaProject - Project ScalaProject has platform default sourceLevel.
2017-09-03 17:40:42,208  WARN [Worker-17] - ScalaProject - Project ScalaProject runs on platform default installation.
2017-09-03 17:40:42,817  WARN [org.scalaide.ui.internal.reconciliation.ScalaReconciler] - ImplicitHighlightingPresenter - Timeout while waiting for `askLoadedTyped` during semantic highlighting.
2017-09-03 17:40:43,074  WARN [org.scalaide.ui.internal.reconciliation.ScalaReconciler] - CustomSemanticAction - Timeout while waiting for `askLoadedTyped` during semantic highlighting.
2017-09-03 17:40:48,968  WARN [Worker-17] - ScalaProject - Project ScalaProject has platform default sourceLevel.
2017-09-03 17:40:48,968  WARN [Worker-17] - ScalaProject - Project ScalaProject runs on platform default installation.
2017-09-03 17:41:14,780  WARN [Worker-17] - ScalaProject - Project ScalaProject has platform default sourceLevel.
2017-09-03 17:41:14,780  WARN [Worker-17] - ScalaProject - Project ScalaProject runs on platform default installation.
2017-09-03 17:41:30,103  WARN [org.scalaide.ui.internal.reconciliation.ScalaReconciler] - TraverserImpl$ - Skipping annotation, position length = 0, position offset = 111
2017-09-03 17:41:30,104  WARN [org.scalaide.ui.internal.reconciliation.ScalaReconciler] - TraverserImpl$ - Skipping annotation, position length = 0, position offset = 111
2017-09-03 17:41:34,145  WARN [org.scalaide.ui.internal.reconciliation.ScalaReconciler] - TraverserImpl$ - Skipping annotation, position length = 0, position offset = 111
2017-09-03 17:41:34,150  WARN [org.scalaide.ui.internal.reconciliation.ScalaReconciler] - TraverserImpl$ - Skipping annotation, position length = 0, position offset = 111
2017-09-03 17:41:35,187  WARN [org.scalaide.ui.internal.reconciliation.ScalaReconciler] - TraverserImpl$ - Skipping annotation, position length = 0, position offset = 111
2017-09-03 17:41:35,187  WARN [org.scalaide.ui.internal.reconciliation.ScalaReconciler] - TraverserImpl$ - Skipping annotation, position length = 0, position offset = 111
2017-09-03 17:41:38,287  WARN [org.scalaide.ui.internal.reconciliation.ScalaReconciler] - TraverserImpl$ - Skipping annotation, position length = 0, position offset = 111
2017-09-03 17:41:41,834  WARN [org.scalaide.ui.internal.reconciliation.ScalaReconciler] - TraverserImpl$ - Skipping annotation, position length = 0, position offset = 111
2017-09-03 17:41:49,432  WARN [org.scalaide.ui.internal.reconciliation.ScalaReconciler] - TraverserImpl$ - Skipping annotation, position length = 0, position offset = 111
2017-09-03 17:41:51,479  WARN [org.scalaide.ui.internal.reconciliation.ScalaReconciler] - TraverserImpl$ - Skipping annotation, position length = 0, position offset = 111
2017-09-03 17:41:54,035  WARN [org.scalaide.ui.internal.reconciliation.ScalaReconciler] - TraverserImpl$ - Skipping annotation, position length = 0, position offset = 111
2017-09-03 17:41:57,337  WARN [Worker-22] - ScalaProject - Project ScalaProject has platform default sourceLevel.
2017-09-03 17:41:57,338  WARN [Worker-22] - ScalaProject - Project ScalaProject runs on platform default installation.
2017-09-03 17:42:55,491  WARN [Worker-11] - ScalaProject - Project ScalaProject has platform default sourceLevel.
2017-09-03 17:42:55,491  WARN [Worker-11] - ScalaProject - Project ScalaProject runs on platform default installation.
2017-09-03 17:43:18,039  WARN [Worker-17] - ScalaProject - Project ScalaProject has platform default sourceLevel.
2017-09-03 17:43:18,039  WARN [Worker-17] - ScalaProject - Project ScalaProject runs on platform default installation.
2017-09-03 17:45:05,105  WARN [Worker-19] - ScalaProject - Project ScalaProject has platform default sourceLevel.
2017-09-03 17:45:05,105  WARN [Worker-19] - ScalaProject - Project ScalaProject runs on platform default installation.
2017-09-03 17:45:29,854  WARN [Worker-19] - ScalaProject - Project ScalaProject has platform default sourceLevel.
2017-09-03 17:45:29,854  WARN [Worker-19] - ScalaProject - Project ScalaProject runs on platform default installation.
2017-09-03 17:46:20,653 ERROR [main] - org.scala-ide.sdt.core - org.scala-ide.sdt.core - org.scala-ide.sdt.core - 0 - Throwable during asyncExec
scala.reflect.internal.FatalError: ThisType(method main) for sym which is not a class
	at scala.reflect.internal.Reporting.abort(Reporting.scala:61)
	at scala.reflect.internal.Reporting.abort$(Reporting.scala:57)
	at scala.reflect.internal.SymbolTable.abort(SymbolTable.scala:16)
	at scala.reflect.internal.Types$ThisType.<init>(Types.scala:1184)
	at scala.reflect.internal.Types$UniqueThisType.<init>(Types.scala:1204)
	at scala.reflect.internal.Types$ThisType$.apply(Types.scala:1208)
	at scala.tools.nsc.interactive.Global.findMirrorSymbol(Global.scala:862)
	at scala.tools.nsc.interactive.Global.$anonfun$getDocComment$5$adapted(Global.scala:935)
	at scala.collection.TraversableLike$WithFilter.$anonfun$foreach$1(TraversableLike.scala:789)
	at scala.collection.immutable.List.foreach(List.scala:389)
	at scala.collection.TraversableLike$WithFilter.foreach(TraversableLike.scala:788)
	at scala.tools.nsc.interactive.Global.$anonfun$getDocComment$3(Global.scala:934)
	at scala.tools.nsc.interactive.Global.$anonfun$getDocComment$2(Global.scala:846)
	at scala.tools.nsc.interactive.Global.$anonfun$respond$1(Global.scala:688)
	at scala.tools.nsc.interactive.Global.respondGradually(Global.scala:695)
	at scala.tools.nsc.interactive.Global.respond(Global.scala:688)
	at scala.tools.nsc.interactive.Global.getDocComment(Global.scala:933)
	at scala.tools.nsc.interactive.CompilerControl$AskDocCommentItem.apply$mcV$sp(CompilerControl.scala:383)
	at scala.tools.nsc.interactive.Global.$anonfun$pollForWork$1(Global.scala:493)
	at scala.tools.nsc.interactive.Global.pollForWork(Global.scala:418)
	at scala.tools.nsc.interactive.PresentationCompilerThread.run(PresentationCompilerThread.scala:22)
2017-09-03 17:46:27,826  WARN [Worker-5] - ScalaProject - Project ScalaProject has platform default sourceLevel.
2017-09-03 17:46:27,826  WARN [Worker-5] - ScalaProject - Project ScalaProject runs on platform default installation.
2017-09-03 17:48:42,083  WARN [Worker-20] - ScalaProject - Project ScalaProject has platform default sourceLevel.
2017-09-03 17:48:42,083  WARN [Worker-20] - ScalaProject - Project ScalaProject runs on platform default installation.
2017-09-03 17:49:08,475  WARN [Worker-20] - ScalaProject - Project ScalaProject has platform default sourceLevel.
2017-09-03 17:49:08,475  WARN [Worker-20] - ScalaProject - Project ScalaProject runs on platform default installation.
2017-09-03 17:56:06,840  WARN [Worker-26] - ScalaProject - Project ScalaProject has platform default sourceLevel.
2017-09-03 17:56:06,840  WARN [Worker-26] - ScalaProject - Project ScalaProject runs on platform default installation.
2017-09-03 17:57:54,904  WARN [main] - ScalaProject - Project ScalaProject has platform default sourceLevel.
2017-09-03 17:57:54,904  WARN [main] - ScalaProject - Project ScalaProject runs on platform default installation.
2017-09-03 17:57:55,106  WARN [Worker-26] - ScalaProject - Project ScalaProject has platform default sourceLevel.
2017-09-03 17:57:55,107  WARN [Worker-26] - ScalaProject - Project ScalaProject runs on platform default installation.
2017-09-03 17:58:26,126  WARN [Worker-32] - ScalaProject - Project ScalaProject has platform default sourceLevel.
2017-09-03 17:58:26,126  WARN [Worker-32] - ScalaProject - Project ScalaProject runs on platform default installation.
2017-09-03 17:58:29,202  WARN [Worker-34] - ScalaProject - Project ScalaProject has platform default sourceLevel.
2017-09-03 17:58:29,202  WARN [Worker-34] - ScalaProject - Project ScalaProject runs on platform default installation.
2017-09-03 17:59:15,224  WARN [Worker-34] - ScalaProject - Project ScalaProject has platform default sourceLevel.
2017-09-03 17:59:15,225  WARN [Worker-34] - ScalaProject - Project ScalaProject runs on platform default installation.
2017-09-03 17:59:22,819  WARN [Worker-26] - ScalaProject - Project ScalaProject has platform default sourceLevel.
2017-09-03 17:59:22,819  WARN [Worker-26] - ScalaProject - Project ScalaProject runs on platform default installation.
2017-09-03 17:59:59,614  WARN [Worker-35] - ScalaProject - Project ScalaProject has platform default sourceLevel.
2017-09-03 17:59:59,614  WARN [Worker-35] - ScalaProject - Project ScalaProject runs on platform default installation.
2017-09-03 18:00:57,711  WARN [Worker-20] - ScalaProject - Project ScalaProject has platform default sourceLevel.
2017-09-03 18:00:57,711  WARN [Worker-20] - ScalaProject - Project ScalaProject runs on platform default installation.
2017-09-03 18:02:13,435  WARN [Worker-34] - ScalaProject - Project ScalaProject has platform default sourceLevel.
2017-09-03 18:02:13,435  WARN [Worker-34] - ScalaProject - Project ScalaProject runs on platform default installation.
2017-09-03 18:04:39,240  WARN [Worker-20] - ScalaProject - Project ScalaProject has platform default sourceLevel.
2017-09-03 18:04:39,240  WARN [Worker-20] - ScalaProject - Project ScalaProject runs on platform default installation.
2017-09-03 18:04:39,863  WARN [org.scalaide.ui.internal.reconciliation.ScalaReconciler] - ScalaProject - Project ScalaProject has platform default sourceLevel.
2017-09-03 18:04:39,863  WARN [org.scalaide.ui.internal.reconciliation.ScalaReconciler] - ScalaProject - Project ScalaProject runs on platform default installation.
2017-09-03 18:05:13,242  WARN [main] - ScalaProject - Project ScalaProject has platform default sourceLevel.
2017-09-03 18:05:13,243  WARN [main] - ScalaProject - Project ScalaProject runs on platform default installation.
2017-09-03 18:05:13,474  WARN [Worker-30] - ScalaProject - Project ScalaProject has platform default sourceLevel.
2017-09-03 18:05:13,475  WARN [Worker-30] - ScalaProject - Project ScalaProject runs on platform default installation.
2017-09-03 18:05:48,361  WARN [Worker-30] - ScalaProject - Project ScalaProject has platform default sourceLevel.
2017-09-03 18:05:48,362  WARN [Worker-30] - ScalaProject - Project ScalaProject runs on platform default installation.
2017-09-03 18:06:22,272  WARN [Worker-34] - ScalaProject - Project ScalaProject has platform default sourceLevel.
2017-09-03 18:06:22,272  WARN [Worker-34] - ScalaProject - Project ScalaProject runs on platform default installation.
2017-09-03 18:07:23,998  WARN [Worker-33] - ScalaProject - Project ScalaProject has platform default sourceLevel.
2017-09-03 18:07:23,999  WARN [Worker-33] - ScalaProject - Project ScalaProject runs on platform default installation.
2017-09-03 18:08:05,250  WARN [Worker-34] - ScalaProject - Project ScalaProject has platform default sourceLevel.
2017-09-03 18:08:05,250  WARN [Worker-34] - ScalaProject - Project ScalaProject runs on platform default installation.
2017-09-03 18:08:08,914  WARN [Worker-34] - ScalaProject - Project ScalaProject has platform default sourceLevel.
2017-09-03 18:08:08,915  WARN [Worker-34] - ScalaProject - Project ScalaProject runs on platform default installation.
2017-09-03 18:09:03,704  WARN [Worker-20] - ScalaProject - Project ScalaProject has platform default sourceLevel.
2017-09-03 18:09:03,705  WARN [Worker-20] - ScalaProject - Project ScalaProject runs on platform default installation.
2017-09-03 18:09:27,692  WARN [Worker-37] - ScalaProject - Project ScalaProject has platform default sourceLevel.
2017-09-03 18:09:27,692  WARN [Worker-37] - ScalaProject - Project ScalaProject runs on platform default installation.
2017-09-03 18:09:32,306  WARN [Worker-33] - ScalaProject - Project ScalaProject has platform default sourceLevel.
2017-09-03 18:09:32,306  WARN [Worker-33] - ScalaProject - Project ScalaProject runs on platform default installation.
2017-09-03 18:10:00,503  WARN [Worker-37] - ScalaProject - Project ScalaProject has platform default sourceLevel.
2017-09-03 18:10:00,503  WARN [Worker-37] - ScalaProject - Project ScalaProject runs on platform default installation.
2017-09-03 18:11:16,035  WARN [Worker-36] - ScalaProject - Project ScalaProject has platform default sourceLevel.
2017-09-03 18:11:16,036  WARN [Worker-36] - ScalaProject - Project ScalaProject runs on platform default installation.
2017-09-03 18:11:21,358  WARN [Worker-36] - ScalaProject - Project ScalaProject has platform default sourceLevel.
2017-09-03 18:11:21,358  WARN [Worker-36] - ScalaProject - Project ScalaProject runs on platform default installation.
2017-09-03 18:11:38,065  WARN [Worker-33] - ScalaProject - Project ScalaProject has platform default sourceLevel.
2017-09-03 18:11:38,065  WARN [Worker-33] - ScalaProject - Project ScalaProject runs on platform default installation.
2017-09-03 18:12:29,628  WARN [Worker-34] - ScalaProject - Project ScalaProject has platform default sourceLevel.
2017-09-03 18:12:29,628  WARN [Worker-34] - ScalaProject - Project ScalaProject runs on platform default installation.
2017-09-03 18:19:28,610  WARN [main] - ScalaProject - Project ScalaProject has platform default sourceLevel.
2017-09-03 18:19:28,611  WARN [main] - ScalaProject - Project ScalaProject runs on platform default installation.
2017-09-03 18:19:28,697  WARN [Worker-40] - ScalaProject - Project ScalaProject has platform default sourceLevel.
2017-09-03 18:19:28,698  WARN [Worker-40] - ScalaProject - Project ScalaProject runs on platform default installation.
2017-09-03 18:19:51,272  WARN [Worker-39] - ScalaProject - Project ScalaProject has platform default sourceLevel.
2017-09-03 18:19:51,272  WARN [Worker-39] - ScalaProject - Project ScalaProject runs on platform default installation.
2017-09-03 18:20:44,498  WARN [Worker-39] - ScalaProject - Project ScalaProject has platform default sourceLevel.
2017-09-03 18:20:44,499  WARN [Worker-39] - ScalaProject - Project ScalaProject runs on platform default installation.
2017-09-03 18:21:42,466  WARN [Worker-39] - ScalaProject - Project ScalaProject has platform default sourceLevel.
2017-09-03 18:21:42,466  WARN [Worker-39] - ScalaProject - Project ScalaProject runs on platform default installation.
2017-09-03 18:21:45,820  WARN [Worker-43] - ScalaProject - Project ScalaProject has platform default sourceLevel.
2017-09-03 18:21:45,821  WARN [Worker-43] - ScalaProject - Project ScalaProject runs on platform default installation.
2017-09-03 18:22:21,404  WARN [Worker-43] - ScalaProject - Project ScalaProject has platform default sourceLevel.
2017-09-03 18:22:21,405  WARN [Worker-43] - ScalaProject - Project ScalaProject runs on platform default installation.
2017-09-03 18:23:36,090  WARN [Worker-43] - ScalaProject - Project ScalaProject has platform default sourceLevel.
2017-09-03 18:23:36,090  WARN [Worker-43] - ScalaProject - Project ScalaProject runs on platform default installation.
2017-09-03 18:23:36,685  WARN [org.scalaide.ui.internal.reconciliation.ScalaReconciler] - ScalaProject - Project ScalaProject has platform default sourceLevel.
2017-09-03 18:23:36,685  WARN [org.scalaide.ui.internal.reconciliation.ScalaReconciler] - ScalaProject - Project ScalaProject runs on platform default installation.
2017-09-03 18:23:49,586  WARN [main] - ScalaProject - Project ScalaProject has platform default sourceLevel.
2017-09-03 18:23:49,586  WARN [main] - ScalaProject - Project ScalaProject runs on platform default installation.
2017-09-03 18:23:49,796  WARN [Worker-43] - ScalaProject - Project ScalaProject has platform default sourceLevel.
2017-09-03 18:23:49,797  WARN [Worker-43] - ScalaProject - Project ScalaProject runs on platform default installation.
2017-09-03 18:23:55,979  WARN [Worker-43] - ScalaProject - Project ScalaProject has platform default sourceLevel.
2017-09-03 18:23:55,979  WARN [Worker-43] - ScalaProject - Project ScalaProject runs on platform default installation.
2017-09-03 18:30:09,492  WARN [Worker-46] - ScalaProject - Project ScalaProject has platform default sourceLevel.
2017-09-03 18:30:09,493  WARN [Worker-46] - ScalaProject - Project ScalaProject runs on platform default installation.
2017-09-03 18:31:11,124  WARN [Worker-49] - ScalaProject - Project ScalaProject has platform default sourceLevel.
2017-09-03 18:31:11,124  WARN [Worker-49] - ScalaProject - Project ScalaProject runs on platform default installation.
2017-09-03 18:31:47,010  WARN [Worker-46] - ScalaProject - Project ScalaProject has platform default sourceLevel.
2017-09-03 18:31:47,011  WARN [Worker-46] - ScalaProject - Project ScalaProject runs on platform default installation.
2017-09-03 18:31:50,293  WARN [Worker-40] - ScalaProject - Project ScalaProject has platform default sourceLevel.
2017-09-03 18:31:50,293  WARN [Worker-40] - ScalaProject - Project ScalaProject runs on platform default installation.
2017-09-03 18:31:54,917  WARN [Worker-50] - ScalaProject - Project ScalaProject has platform default sourceLevel.
2017-09-03 18:31:54,917  WARN [Worker-50] - ScalaProject - Project ScalaProject runs on platform default installation.
2017-09-03 18:32:05,407  WARN [Worker-40] - ScalaProject - Project ScalaProject has platform default sourceLevel.
2017-09-03 18:32:05,407  WARN [Worker-40] - ScalaProject - Project ScalaProject runs on platform default installation.
2017-09-03 18:32:12,381  WARN [Worker-50] - ScalaProject - Project ScalaProject has platform default sourceLevel.
2017-09-03 18:32:12,381  WARN [Worker-50] - ScalaProject - Project ScalaProject runs on platform default installation.
2017-09-03 18:32:33,467  WARN [Worker-46] - ScalaProject - Project ScalaProject has platform default sourceLevel.
2017-09-03 18:32:33,467  WARN [Worker-46] - ScalaProject - Project ScalaProject runs on platform default installation.
2017-09-03 18:33:57,426  WARN [Worker-51] - ScalaProject - Project ScalaProject has platform default sourceLevel.
2017-09-03 18:33:57,426  WARN [Worker-51] - ScalaProject - Project ScalaProject runs on platform default installation.
2017-09-03 18:34:18,215  WARN [Worker-51] - ScalaProject - Project ScalaProject has platform default sourceLevel.
2017-09-03 18:34:18,215  WARN [Worker-51] - ScalaProject - Project ScalaProject runs on platform default installation.
2017-09-03 18:34:31,037  WARN [Worker-51] - ScalaProject - Project ScalaProject has platform default sourceLevel.
2017-09-03 18:34:31,038  WARN [Worker-51] - ScalaProject - Project ScalaProject runs on platform default installation.
2017-09-03 18:34:37,510  WARN [Worker-47] - ScalaProject - Project ScalaProject has platform default sourceLevel.
2017-09-03 18:34:37,510  WARN [Worker-47] - ScalaProject - Project ScalaProject runs on platform default installation.
2017-09-03 18:34:41,287  WARN [Worker-51] - ScalaProject - Project ScalaProject has platform default sourceLevel.
2017-09-03 18:34:41,287  WARN [Worker-51] - ScalaProject - Project ScalaProject runs on platform default installation.
2017-09-03 18:34:55,579  WARN [Worker-50] - ScalaProject - Project ScalaProject has platform default sourceLevel.
2017-09-03 18:34:55,579  WARN [Worker-50] - ScalaProject - Project ScalaProject runs on platform default installation.
2017-09-03 18:34:58,165  WARN [Worker-50] - ScalaProject - Project ScalaProject has platform default sourceLevel.
2017-09-03 18:34:58,165  WARN [Worker-50] - ScalaProject - Project ScalaProject runs on platform default installation.
2017-09-09 16:28:59,889  WARN [main] - ScalaProject - Project ScalaProject has platform default sourceLevel.
2017-09-09 16:28:59,897  WARN [main] - ScalaProject - Project ScalaProject runs on platform default installation.
2017-09-09 16:28:59,924  WARN [main] - ScalaProject - Project ScalaProject has platform default sourceLevel.
2017-09-09 16:28:59,925  WARN [main] - ScalaProject - Project ScalaProject runs on platform default installation.
2017-09-09 16:38:31,376 ERROR [ModalContext] - System.err - log4j:WARN No appenders could be found for logger (org.eclipse.aether.internal.impl.DefaultLocalRepositoryProvider).
2017-09-09 16:38:31,378 ERROR [ModalContext] - System.err - log4j:WARN Please initialize the log4j system properly.
2017-09-09 17:26:50,233  WARN [main] - ScalaProject - Project SparkPrograms has platform default sourceLevel.
2017-09-09 17:26:50,233  WARN [main] - ScalaProject - Project SparkPrograms runs on platform default installation.
2017-09-09 17:26:51,360  WARN [main] - ScalaProject - Project SparkPrograms has platform default sourceLevel.
2017-09-09 17:26:51,360  WARN [main] - ScalaProject - Project SparkPrograms runs on platform default installation.
2017-09-09 17:27:14,469  WARN [main] - org.scala-ide.sdt.core - org.scala-ide.sdt.core - org.scala-ide.sdt.core - 0 - Preference scala.compiler.sourceLevel was uninitialized for SparkPrograms, setting default to 2.12.
2017-09-09 17:28:05,221 ERROR [main] - org.scala-ide.sdt.core - org.scala-ide.sdt.core - org.scala-ide.sdt.core - 0 - java.lang.IllegalArgumentException: Argument not valid
2017-09-09 17:32:52,687  WARN [main] - ScalaProject - Project ScalaProject has platform default sourceLevel.
2017-09-09 17:32:52,687  WARN [main] - ScalaProject - Project ScalaProject runs on platform default installation.
2017-09-09 18:57:28,897  WARN [org.scalaide.ui.internal.reconciliation.ScalaReconciler] - TraverserImpl$ - Skipping annotation, position length = 0, position offset = 783
2017-09-09 18:57:31,377  WARN [org.scalaide.ui.internal.reconciliation.ScalaReconciler] - TraverserImpl$ - Skipping annotation, position length = 0, position offset = 784
2017-09-09 18:57:32,593  WARN [org.scalaide.ui.internal.reconciliation.ScalaReconciler] - TraverserImpl$ - Skipping annotation, position length = 0, position offset = 785
2017-09-09 18:57:35,736  WARN [org.scalaide.ui.internal.reconciliation.ScalaReconciler] - TraverserImpl$ - Skipping annotation, position length = 0, position offset = 693
2017-09-09 18:57:37,363  WARN [org.scalaide.ui.internal.reconciliation.ScalaReconciler] - TraverserImpl$ - Skipping annotation, position length = 0, position offset = 694
2017-09-09 19:20:56,576 ERROR [Text Viewer Hover Presenter] - IScalaPresentationCompiler$ - Ignoring InterruptException
2017-09-09 19:20:56,576 ERROR [Text Viewer Hover Presenter] - IScalaPresentationCompiler$ - Ignoring InterruptException
2017-09-09 19:43:09,215  WARN [org.scalaide.ui.internal.reconciliation.ScalaReconciler] - ImplicitHighlightingPresenter - Timeout while waiting for `askLoadedTyped` during semantic highlighting.
2017-09-09 19:43:09,427  WARN [org.scalaide.ui.internal.reconciliation.ScalaReconciler] - CustomSemanticAction - Timeout while waiting for `askLoadedTyped` during semantic highlighting.
2017-09-09 19:43:09,645  WARN [org.scalaide.ui.internal.reconciliation.ScalaReconciler] - CallByNameParamAtCreationPresenter - Timeout while waiting for `askLoadedTyped` during semantic highlighting.
2017-09-09 19:44:00,258  WARN [org.scalaide.ui.internal.reconciliation.ScalaReconciler] - CustomSemanticAction - Timeout while waiting for `askLoadedTyped` during semantic highlighting.
2017-09-09 20:06:59,946 ERROR [Text Viewer Hover Presenter] - IScalaPresentationCompiler$ - Ignoring InterruptException
2017-09-09 20:06:59,947 ERROR [Text Viewer Hover Presenter] - IScalaPresentationCompiler$ - Ignoring InterruptException
2017-09-10 13:01:30,560  WARN [main] - ScalaProject - Project ScalaProject has platform default sourceLevel.
2017-09-10 13:01:30,594  WARN [main] - ScalaProject - Project ScalaProject runs on platform default installation.
2017-09-10 13:01:35,306 ERROR [Worker-2] - System.err - log4j:WARN No appenders could be found for logger (org.eclipse.m2e.core.internal.builder.MavenBuilder).
2017-09-10 13:01:35,308 ERROR [Worker-2] - System.err - log4j:WARN Please initialize the log4j system properly.
2017-09-10 13:02:56,567  WARN [org.scalaide.ui.internal.reconciliation.ScalaReconciler] - CallByNameParamAtCreationPresenter - Timeout while waiting for `askLoadedTyped` during semantic highlighting.
2017-09-10 15:03:22,090  WARN [main] - ScalaProject - Project ScalaProject has platform default sourceLevel.
2017-09-10 15:03:22,091  WARN [main] - ScalaProject - Project ScalaProject runs on platform default installation.
2017-09-10 15:03:46,051 ERROR [Worker-10] - System.err - log4j:WARN No appenders could be found for logger (org.eclipse.m2e.core.internal.builder.MavenBuilder).
2017-09-10 15:03:46,054 ERROR [Worker-10] - System.err - log4j:WARN Please initialize the log4j system properly.
2017-09-10 15:07:13,992  WARN [Java indexing] - ScalaProject - Project ScalaProject has platform default sourceLevel.
2017-09-10 15:07:13,995  WARN [Java indexing] - ScalaProject - Project ScalaProject runs on platform default installation.
2017-09-10 16:19:02,654  WARN [org.scalaide.ui.internal.reconciliation.ScalaReconciler] - ImplicitHighlightingPresenter - Timeout while waiting for `askLoadedTyped` during semantic highlighting.
2017-09-10 16:19:02,893  WARN [org.scalaide.ui.internal.reconciliation.ScalaReconciler] - CustomSemanticAction - Timeout while waiting for `askLoadedTyped` during semantic highlighting.
2017-09-10 16:19:03,182  WARN [org.scalaide.ui.internal.reconciliation.ScalaReconciler] - CallByNameParamAtCreationPresenter - Timeout while waiting for `askLoadedTyped` during semantic highlighting.
2017-09-10 16:20:13,659  WARN [org.scalaide.ui.internal.reconciliation.ScalaReconciler] - CustomSemanticAction - Timeout while waiting for `askLoadedTyped` during semantic highlighting.
2017-09-10 16:33:43,309  WARN [main] - ScalaProject - Project Spark has platform default sourceLevel.
2017-09-10 16:33:43,309  WARN [main] - ScalaProject - Project Spark runs on platform default installation.
2017-09-10 16:37:25,316  WARN [main] - ScalaProject - Project Spark has platform default sourceLevel.
2017-09-10 16:37:25,316  WARN [main] - ScalaProject - Project Spark runs on platform default installation.
2017-09-10 16:37:25,897  WARN [main] - ScalaProject - Project Spark has platform default sourceLevel.
2017-09-10 16:37:25,898  WARN [main] - ScalaProject - Project Spark runs on platform default installation.
2017-09-10 16:37:26,060  WARN [Worker-3] - ScalaProject - Project Spark has platform default sourceLevel.
2017-09-10 16:37:26,062  WARN [Worker-3] - ScalaProject - Project Spark runs on platform default installation.
2017-09-10 16:37:47,885  WARN [main] - org.scala-ide.sdt.core - org.scala-ide.sdt.core - org.scala-ide.sdt.core - 0 - Preference scala.compiler.sourceLevel was uninitialized for Spark, setting default to 2.12.
2017-09-10 16:54:52,452 ERROR [main] - org.scala-ide.sdt.core - org.scala-ide.sdt.core - org.scala-ide.sdt.core - 0 - An error occurred while trying to create a file.
org.eclipse.core.internal.resources.ResourceException: Resource '/Spark/src/main/scala/com/prodevans/scala/JoinOperation.scala' already exists.
	at org.eclipse.core.internal.resources.Resource.checkDoesNotExist(Resource.java:314)
	at org.eclipse.core.internal.resources.Resource.checkDoesNotExist(Resource.java:301)
	at org.eclipse.core.internal.resources.File.create(File.java:107)
	at org.eclipse.core.internal.resources.File.create(File.java:181)
	at org.scalaide.util.eclipse.FileUtils$.$anonfun$createFile$1(FileUtils.scala:112)
	at scala.runtime.java8.JFunction0$mcV$sp.apply(JFunction0$mcV$sp.java:12)
	at scala.util.Try$.apply(Try.scala:209)
	at org.scalaide.util.eclipse.FileUtils$.createFile(FileUtils.scala:110)
	at org.scalaide.ui.internal.wizards.NewFileWizard.$anonfun$okPressed$13(NewFileWizard.scala:284)
	at org.scalaide.ui.internal.wizards.NewFileWizard.$anonfun$okPressed$13$adapted(NewFileWizard.scala:283)
	at scala.Option.foreach(Option.scala:257)
	at org.scalaide.ui.internal.wizards.NewFileWizard.okPressed(NewFileWizard.scala:283)
	at org.scalaide.ui.internal.wizards.NewFileWizard.okPressed$(NewFileWizard.scala:230)
	at org.scalaide.ui.internal.wizards.NewFileWizardAdapter$$anon$1.okPressed(NewFileWizardAdapter.scala:28)
	at org.scalaide.ui.internal.wizards.NewFileWizardAdapter.performFinish(NewFileWizardAdapter.scala:55)
	at org.eclipse.jface.wizard.WizardDialog.finishPressed(WizardDialog.java:790)
	at org.eclipse.jface.wizard.WizardDialog.buttonPressed(WizardDialog.java:423)
	at org.eclipse.jface.dialogs.Dialog$2.widgetSelected(Dialog.java:618)
	at org.eclipse.swt.widgets.TypedListener.handleEvent(TypedListener.java:249)
	at org.eclipse.swt.widgets.EventTable.sendEvent(EventTable.java:84)
	at org.eclipse.swt.widgets.Display.sendEvent(Display.java:4418)
	at org.eclipse.swt.widgets.Widget.sendEvent(Widget.java:1079)
	at org.eclipse.swt.widgets.Display.runDeferredEvents(Display.java:4236)
	at org.eclipse.swt.widgets.Display.readAndDispatch(Display.java:3824)
	at org.eclipse.ui.internal.dialogs.EventLoopProgressMonitor.runEventLoop(EventLoopProgressMonitor.java:125)
	at org.eclipse.ui.internal.dialogs.EventLoopProgressMonitor.isCanceled(EventLoopProgressMonitor.java:99)
	at org.eclipse.core.internal.jobs.ThreadJob.isCanceled(ThreadJob.java:144)
	at org.eclipse.core.internal.jobs.ThreadJob.waitForRun(ThreadJob.java:233)
	at org.eclipse.core.internal.jobs.ThreadJob.joinRun(ThreadJob.java:197)
	at org.eclipse.core.internal.jobs.ImplicitJobs.begin(ImplicitJobs.java:92)
	at org.eclipse.core.internal.jobs.JobManager.beginRule(JobManager.java:307)
	at org.eclipse.core.internal.resources.WorkManager.checkIn(WorkManager.java:121)
	at org.eclipse.core.internal.resources.Workspace.prepareOperation(Workspace.java:2188)
	at org.eclipse.core.internal.resources.File.create(File.java:106)
	at org.eclipse.core.internal.resources.File.create(File.java:181)
	at org.scalaide.util.eclipse.FileUtils$.$anonfun$createFile$1(FileUtils.scala:112)
	at scala.runtime.java8.JFunction0$mcV$sp.apply(JFunction0$mcV$sp.java:12)
	at scala.util.Try$.apply(Try.scala:209)
	at org.scalaide.util.eclipse.FileUtils$.createFile(FileUtils.scala:110)
	at org.scalaide.ui.internal.wizards.NewFileWizard.$anonfun$okPressed$13(NewFileWizard.scala:284)
	at org.scalaide.ui.internal.wizards.NewFileWizard.$anonfun$okPressed$13$adapted(NewFileWizard.scala:283)
	at scala.Option.foreach(Option.scala:257)
	at org.scalaide.ui.internal.wizards.NewFileWizard.okPressed(NewFileWizard.scala:283)
	at org.scalaide.ui.internal.wizards.NewFileWizard.okPressed$(NewFileWizard.scala:230)
	at org.scalaide.ui.internal.wizards.NewFileWizardAdapter$$anon$1.okPressed(NewFileWizardAdapter.scala:28)
	at org.scalaide.ui.internal.wizards.NewFileWizardAdapter.performFinish(NewFileWizardAdapter.scala:55)
	at org.eclipse.jface.wizard.WizardDialog.finishPressed(WizardDialog.java:790)
	at org.eclipse.jface.wizard.WizardDialog.buttonPressed(WizardDialog.java:423)
	at org.eclipse.jface.dialogs.Dialog$2.widgetSelected(Dialog.java:618)
	at org.eclipse.swt.widgets.TypedListener.handleEvent(TypedListener.java:249)
	at org.eclipse.swt.widgets.EventTable.sendEvent(EventTable.java:84)
	at org.eclipse.swt.widgets.Display.sendEvent(Display.java:4418)
	at org.eclipse.swt.widgets.Widget.sendEvent(Widget.java:1079)
	at org.eclipse.swt.widgets.Display.runDeferredEvents(Display.java:4236)
	at org.eclipse.swt.widgets.Display.readAndDispatch(Display.java:3824)
	at org.eclipse.ui.internal.dialogs.EventLoopProgressMonitor.runEventLoop(EventLoopProgressMonitor.java:125)
	at org.eclipse.ui.internal.dialogs.EventLoopProgressMonitor.isCanceled(EventLoopProgressMonitor.java:99)
	at org.eclipse.core.internal.jobs.ThreadJob.isCanceled(ThreadJob.java:144)
	at org.eclipse.core.internal.jobs.ThreadJob.waitForRun(ThreadJob.java:233)
	at org.eclipse.core.internal.jobs.ThreadJob.joinRun(ThreadJob.java:197)
	at org.eclipse.core.internal.jobs.ImplicitJobs.begin(ImplicitJobs.java:92)
	at org.eclipse.core.internal.jobs.JobManager.beginRule(JobManager.java:307)
	at org.eclipse.core.internal.resources.WorkManager.checkIn(WorkManager.java:121)
	at org.eclipse.core.internal.resources.Workspace.prepareOperation(Workspace.java:2188)
	at org.eclipse.core.internal.resources.File.setContents(File.java:334)
	at org.eclipse.core.internal.resources.File.setContents(File.java:434)
	at org.scalaide.ui.internal.wizards.NewFileWizard.openFileInSrcDir$1(NewFileWizard.scala:367)
	at org.scalaide.ui.internal.wizards.NewFileWizard.openEditor(NewFileWizard.scala:375)
	at org.scalaide.ui.internal.wizards.NewFileWizard.$anonfun$okPressed$13(NewFileWizard.scala:287)
	at org.scalaide.ui.internal.wizards.NewFileWizard.$anonfun$okPressed$13$adapted(NewFileWizard.scala:283)
	at scala.Option.foreach(Option.scala:257)
	at org.scalaide.ui.internal.wizards.NewFileWizard.okPressed(NewFileWizard.scala:283)
	at org.scalaide.ui.internal.wizards.NewFileWizard.okPressed$(NewFileWizard.scala:230)
	at org.scalaide.ui.internal.wizards.NewFileWizardAdapter$$anon$1.okPressed(NewFileWizardAdapter.scala:28)
	at org.scalaide.ui.internal.wizards.NewFileWizardAdapter.performFinish(NewFileWizardAdapter.scala:55)
	at org.eclipse.jface.wizard.WizardDialog.finishPressed(WizardDialog.java:790)
	at org.eclipse.jface.wizard.WizardDialog.buttonPressed(WizardDialog.java:423)
	at org.eclipse.jface.dialogs.Dialog$2.widgetSelected(Dialog.java:618)
	at org.eclipse.swt.widgets.TypedListener.handleEvent(TypedListener.java:249)
	at org.eclipse.swt.widgets.EventTable.sendEvent(EventTable.java:84)
	at org.eclipse.swt.widgets.Display.sendEvent(Display.java:4418)
	at org.eclipse.swt.widgets.Widget.sendEvent(Widget.java:1079)
	at org.eclipse.swt.widgets.Display.runDeferredEvents(Display.java:4236)
	at org.eclipse.swt.widgets.Display.readAndDispatch(Display.java:3824)
	at org.eclipse.jface.window.Window.runEventLoop(Window.java:818)
	at org.eclipse.jface.window.Window.open(Window.java:794)
	at org.eclipse.ui.internal.actions.NewWizardShortcutAction.run(NewWizardShortcutAction.java:133)
	at org.eclipse.jface.action.Action.runWithEvent(Action.java:473)
	at org.eclipse.jface.action.ActionContributionItem.handleWidgetSelection(ActionContributionItem.java:565)
	at org.eclipse.jface.action.ActionContributionItem.lambda$4(ActionContributionItem.java:397)
	at org.eclipse.swt.widgets.EventTable.sendEvent(EventTable.java:84)
	at org.eclipse.swt.widgets.Display.sendEvent(Display.java:4418)
	at org.eclipse.swt.widgets.Widget.sendEvent(Widget.java:1079)
	at org.eclipse.swt.widgets.Display.runDeferredEvents(Display.java:4236)
	at org.eclipse.swt.widgets.Display.readAndDispatch(Display.java:3824)
	at org.eclipse.e4.ui.internal.workbench.swt.PartRenderingEngine$4.run(PartRenderingEngine.java:1121)
	at org.eclipse.core.databinding.observable.Realm.runWithDefault(Realm.java:336)
	at org.eclipse.e4.ui.internal.workbench.swt.PartRenderingEngine.run(PartRenderingEngine.java:1022)
	at org.eclipse.e4.ui.internal.workbench.E4Workbench.createAndRunUI(E4Workbench.java:150)
	at org.eclipse.ui.internal.Workbench$5.run(Workbench.java:693)
	at org.eclipse.core.databinding.observable.Realm.runWithDefault(Realm.java:336)
	at org.eclipse.ui.internal.Workbench.createAndRunWorkbench(Workbench.java:610)
	at org.eclipse.ui.PlatformUI.createAndRunWorkbench(PlatformUI.java:148)
	at org.eclipse.ui.internal.ide.application.IDEApplication.start(IDEApplication.java:138)
	at org.eclipse.equinox.internal.app.EclipseAppHandle.run(EclipseAppHandle.java:196)
	at org.eclipse.core.runtime.internal.adaptor.EclipseAppLauncher.runApplication(EclipseAppLauncher.java:134)
	at org.eclipse.core.runtime.internal.adaptor.EclipseAppLauncher.start(EclipseAppLauncher.java:104)
	at org.eclipse.core.runtime.adaptor.EclipseStarter.run(EclipseStarter.java:388)
	at org.eclipse.core.runtime.adaptor.EclipseStarter.run(EclipseStarter.java:243)
	at sun.reflect.NativeMethodAccessorImpl.invoke0(Native Method)
	at sun.reflect.NativeMethodAccessorImpl.invoke(NativeMethodAccessorImpl.java:62)
	at sun.reflect.DelegatingMethodAccessorImpl.invoke(DelegatingMethodAccessorImpl.java:43)
	at java.lang.reflect.Method.invoke(Method.java:498)
	at org.eclipse.equinox.launcher.Main.invokeFramework(Main.java:673)
	at org.eclipse.equinox.launcher.Main.basicRun(Main.java:610)
	at org.eclipse.equinox.launcher.Main.run(Main.java:1519)
2017-09-10 16:54:53,005 ERROR [main] - org.scala-ide.sdt.core - org.scala-ide.sdt.core - org.scala-ide.sdt.core - 0 - An error occurred while trying to create a file.
org.eclipse.core.internal.resources.ResourceException: Resource '/Spark/src/main/scala/com/prodevans/scala/JoinOperation.scala' already exists.
	at org.eclipse.core.internal.resources.Resource.checkDoesNotExist(Resource.java:314)
	at org.eclipse.core.internal.resources.Resource.checkDoesNotExist(Resource.java:301)
	at org.eclipse.core.internal.resources.File.create(File.java:107)
	at org.eclipse.core.internal.resources.File.create(File.java:181)
	at org.scalaide.util.eclipse.FileUtils$.$anonfun$createFile$1(FileUtils.scala:112)
	at scala.runtime.java8.JFunction0$mcV$sp.apply(JFunction0$mcV$sp.java:12)
	at scala.util.Try$.apply(Try.scala:209)
	at org.scalaide.util.eclipse.FileUtils$.createFile(FileUtils.scala:110)
	at org.scalaide.ui.internal.wizards.NewFileWizard.$anonfun$okPressed$13(NewFileWizard.scala:284)
	at org.scalaide.ui.internal.wizards.NewFileWizard.$anonfun$okPressed$13$adapted(NewFileWizard.scala:283)
	at scala.Option.foreach(Option.scala:257)
	at org.scalaide.ui.internal.wizards.NewFileWizard.okPressed(NewFileWizard.scala:283)
	at org.scalaide.ui.internal.wizards.NewFileWizard.okPressed$(NewFileWizard.scala:230)
	at org.scalaide.ui.internal.wizards.NewFileWizardAdapter$$anon$1.okPressed(NewFileWizardAdapter.scala:28)
	at org.scalaide.ui.internal.wizards.NewFileWizardAdapter.performFinish(NewFileWizardAdapter.scala:55)
	at org.eclipse.jface.wizard.WizardDialog.finishPressed(WizardDialog.java:790)
	at org.eclipse.jface.wizard.WizardDialog.buttonPressed(WizardDialog.java:423)
	at org.eclipse.jface.dialogs.Dialog$2.widgetSelected(Dialog.java:618)
	at org.eclipse.swt.widgets.TypedListener.handleEvent(TypedListener.java:249)
	at org.eclipse.swt.widgets.EventTable.sendEvent(EventTable.java:84)
	at org.eclipse.swt.widgets.Display.sendEvent(Display.java:4418)
	at org.eclipse.swt.widgets.Widget.sendEvent(Widget.java:1079)
	at org.eclipse.swt.widgets.Display.runDeferredEvents(Display.java:4236)
	at org.eclipse.swt.widgets.Display.readAndDispatch(Display.java:3824)
	at org.eclipse.ui.internal.dialogs.EventLoopProgressMonitor.runEventLoop(EventLoopProgressMonitor.java:125)
	at org.eclipse.ui.internal.dialogs.EventLoopProgressMonitor.isCanceled(EventLoopProgressMonitor.java:99)
	at org.eclipse.core.internal.jobs.ThreadJob.isCanceled(ThreadJob.java:144)
	at org.eclipse.core.internal.jobs.ThreadJob.waitForRun(ThreadJob.java:233)
	at org.eclipse.core.internal.jobs.ThreadJob.joinRun(ThreadJob.java:197)
	at org.eclipse.core.internal.jobs.ImplicitJobs.begin(ImplicitJobs.java:92)
	at org.eclipse.core.internal.jobs.JobManager.beginRule(JobManager.java:307)
	at org.eclipse.core.internal.resources.WorkManager.checkIn(WorkManager.java:121)
	at org.eclipse.core.internal.resources.Workspace.prepareOperation(Workspace.java:2188)
	at org.eclipse.core.internal.resources.File.setContents(File.java:334)
	at org.eclipse.core.internal.resources.File.setContents(File.java:434)
	at org.scalaide.ui.internal.wizards.NewFileWizard.openFileInSrcDir$1(NewFileWizard.scala:367)
	at org.scalaide.ui.internal.wizards.NewFileWizard.openEditor(NewFileWizard.scala:375)
	at org.scalaide.ui.internal.wizards.NewFileWizard.$anonfun$okPressed$13(NewFileWizard.scala:287)
	at org.scalaide.ui.internal.wizards.NewFileWizard.$anonfun$okPressed$13$adapted(NewFileWizard.scala:283)
	at scala.Option.foreach(Option.scala:257)
	at org.scalaide.ui.internal.wizards.NewFileWizard.okPressed(NewFileWizard.scala:283)
	at org.scalaide.ui.internal.wizards.NewFileWizard.okPressed$(NewFileWizard.scala:230)
	at org.scalaide.ui.internal.wizards.NewFileWizardAdapter$$anon$1.okPressed(NewFileWizardAdapter.scala:28)
	at org.scalaide.ui.internal.wizards.NewFileWizardAdapter.performFinish(NewFileWizardAdapter.scala:55)
	at org.eclipse.jface.wizard.WizardDialog.finishPressed(WizardDialog.java:790)
	at org.eclipse.jface.wizard.WizardDialog.buttonPressed(WizardDialog.java:423)
	at org.eclipse.jface.dialogs.Dialog$2.widgetSelected(Dialog.java:618)
	at org.eclipse.swt.widgets.TypedListener.handleEvent(TypedListener.java:249)
	at org.eclipse.swt.widgets.EventTable.sendEvent(EventTable.java:84)
	at org.eclipse.swt.widgets.Display.sendEvent(Display.java:4418)
	at org.eclipse.swt.widgets.Widget.sendEvent(Widget.java:1079)
	at org.eclipse.swt.widgets.Display.runDeferredEvents(Display.java:4236)
	at org.eclipse.swt.widgets.Display.readAndDispatch(Display.java:3824)
	at org.eclipse.jface.window.Window.runEventLoop(Window.java:818)
	at org.eclipse.jface.window.Window.open(Window.java:794)
	at org.eclipse.ui.internal.actions.NewWizardShortcutAction.run(NewWizardShortcutAction.java:133)
	at org.eclipse.jface.action.Action.runWithEvent(Action.java:473)
	at org.eclipse.jface.action.ActionContributionItem.handleWidgetSelection(ActionContributionItem.java:565)
	at org.eclipse.jface.action.ActionContributionItem.lambda$4(ActionContributionItem.java:397)
	at org.eclipse.swt.widgets.EventTable.sendEvent(EventTable.java:84)
	at org.eclipse.swt.widgets.Display.sendEvent(Display.java:4418)
	at org.eclipse.swt.widgets.Widget.sendEvent(Widget.java:1079)
	at org.eclipse.swt.widgets.Display.runDeferredEvents(Display.java:4236)
	at org.eclipse.swt.widgets.Display.readAndDispatch(Display.java:3824)
	at org.eclipse.e4.ui.internal.workbench.swt.PartRenderingEngine$4.run(PartRenderingEngine.java:1121)
	at org.eclipse.core.databinding.observable.Realm.runWithDefault(Realm.java:336)
	at org.eclipse.e4.ui.internal.workbench.swt.PartRenderingEngine.run(PartRenderingEngine.java:1022)
	at org.eclipse.e4.ui.internal.workbench.E4Workbench.createAndRunUI(E4Workbench.java:150)
	at org.eclipse.ui.internal.Workbench$5.run(Workbench.java:693)
	at org.eclipse.core.databinding.observable.Realm.runWithDefault(Realm.java:336)
	at org.eclipse.ui.internal.Workbench.createAndRunWorkbench(Workbench.java:610)
	at org.eclipse.ui.PlatformUI.createAndRunWorkbench(PlatformUI.java:148)
	at org.eclipse.ui.internal.ide.application.IDEApplication.start(IDEApplication.java:138)
	at org.eclipse.equinox.internal.app.EclipseAppHandle.run(EclipseAppHandle.java:196)
	at org.eclipse.core.runtime.internal.adaptor.EclipseAppLauncher.runApplication(EclipseAppLauncher.java:134)
	at org.eclipse.core.runtime.internal.adaptor.EclipseAppLauncher.start(EclipseAppLauncher.java:104)
	at org.eclipse.core.runtime.adaptor.EclipseStarter.run(EclipseStarter.java:388)
	at org.eclipse.core.runtime.adaptor.EclipseStarter.run(EclipseStarter.java:243)
	at sun.reflect.NativeMethodAccessorImpl.invoke0(Native Method)
	at sun.reflect.NativeMethodAccessorImpl.invoke(NativeMethodAccessorImpl.java:62)
	at sun.reflect.DelegatingMethodAccessorImpl.invoke(DelegatingMethodAccessorImpl.java:43)
	at java.lang.reflect.Method.invoke(Method.java:498)
	at org.eclipse.equinox.launcher.Main.invokeFramework(Main.java:673)
	at org.eclipse.equinox.launcher.Main.basicRun(Main.java:610)
	at org.eclipse.equinox.launcher.Main.run(Main.java:1519)
2017-09-10 17:35:24,975 ERROR [Text Viewer Hover Presenter] - IScalaPresentationCompiler$ - Ignoring InterruptException
2017-09-10 17:35:25,006 ERROR [Text Viewer Hover Presenter] - IScalaPresentationCompiler$ - Ignoring InterruptException
2017-09-10 17:35:25,007 ERROR [Text Viewer Hover Presenter] - IScalaPresentationCompiler$ - Ignoring InterruptException
2017-09-10 17:55:45,614 ERROR [Text Viewer Hover Presenter] - IScalaPresentationCompiler$ - Ignoring InterruptException
2017-09-10 17:55:45,713 ERROR [Text Viewer Hover Presenter] - IScalaPresentationCompiler$ - Ignoring InterruptException
2017-09-10 17:55:45,713 ERROR [Text Viewer Hover Presenter] - IScalaPresentationCompiler$ - Ignoring InterruptException
2017-09-10 17:55:45,714 ERROR [Text Viewer Hover Presenter] - IScalaPresentationCompiler$ - Ignoring InterruptException
2017-09-10 17:55:45,714 ERROR [Text Viewer Hover Presenter] - IScalaPresentationCompiler$ - Ignoring InterruptException
2017-09-10 17:55:45,714 ERROR [Text Viewer Hover Presenter] - IScalaPresentationCompiler$ - Ignoring InterruptException
2017-09-10 17:55:45,715 ERROR [Text Viewer Hover Presenter] - IScalaPresentationCompiler$ - Ignoring InterruptException
2017-09-10 17:55:45,715 ERROR [Text Viewer Hover Presenter] - IScalaPresentationCompiler$ - Ignoring InterruptException
2017-09-10 17:55:45,715 ERROR [Text Viewer Hover Presenter] - IScalaPresentationCompiler$ - Ignoring InterruptException
2017-09-10 17:55:45,715 ERROR [Text Viewer Hover Presenter] - IScalaPresentationCompiler$ - Ignoring InterruptException
2017-09-10 17:55:45,715 ERROR [Text Viewer Hover Presenter] - IScalaPresentationCompiler$ - Ignoring InterruptException
2017-09-10 17:55:45,715 ERROR [Text Viewer Hover Presenter] - IScalaPresentationCompiler$ - Ignoring InterruptException
2017-09-10 17:55:45,715 ERROR [Text Viewer Hover Presenter] - IScalaPresentationCompiler$ - Ignoring InterruptException
2017-09-10 17:55:45,715 ERROR [Text Viewer Hover Presenter] - IScalaPresentationCompiler$ - Ignoring InterruptException
2017-09-10 17:55:45,715 ERROR [Text Viewer Hover Presenter] - IScalaPresentationCompiler$ - Ignoring InterruptException
2017-09-10 17:55:45,715 ERROR [Text Viewer Hover Presenter] - IScalaPresentationCompiler$ - Ignoring InterruptException
2017-09-10 17:55:45,715 ERROR [Text Viewer Hover Presenter] - IScalaPresentationCompiler$ - Ignoring InterruptException
2017-09-10 17:55:45,715 ERROR [Text Viewer Hover Presenter] - IScalaPresentationCompiler$ - Ignoring InterruptException
2017-09-10 17:55:45,715 ERROR [Text Viewer Hover Presenter] - IScalaPresentationCompiler$ - Ignoring InterruptException
2017-09-10 17:55:45,725 ERROR [Text Viewer Hover Presenter] - IScalaPresentationCompiler$ - Ignoring InterruptException
2017-09-10 18:16:44,948  WARN [org.scalaide.ui.internal.reconciliation.ScalaReconciler] - ImplicitHighlightingPresenter - Timeout while waiting for `askLoadedTyped` during semantic highlighting.
2017-09-10 18:16:44,948  WARN [org.scalaide.ui.internal.reconciliation.ScalaReconciler] - ImplicitHighlightingPresenter - Timeout while waiting for `askLoadedTyped` during semantic highlighting.
2017-09-10 18:16:45,194  WARN [org.scalaide.ui.internal.reconciliation.ScalaReconciler] - CustomSemanticAction - Timeout while waiting for `askLoadedTyped` during semantic highlighting.
2017-09-10 18:16:45,194  WARN [org.scalaide.ui.internal.reconciliation.ScalaReconciler] - CustomSemanticAction - Timeout while waiting for `askLoadedTyped` during semantic highlighting.
2017-09-10 18:16:45,397  WARN [org.scalaide.ui.internal.reconciliation.ScalaReconciler] - CallByNameParamAtCreationPresenter - Timeout while waiting for `askLoadedTyped` during semantic highlighting.
2017-09-10 18:16:45,397  WARN [org.scalaide.ui.internal.reconciliation.ScalaReconciler] - CallByNameParamAtCreationPresenter - Timeout while waiting for `askLoadedTyped` during semantic highlighting.
2017-09-10 18:21:08,596  WARN [org.scalaide.ui.internal.reconciliation.ScalaReconciler] - CallByNameParamAtCreationPresenter - Timeout while waiting for `askLoadedTyped` during semantic highlighting.
2017-09-10 18:22:04,609  WARN [org.scalaide.ui.internal.reconciliation.ScalaReconciler] - TraverserImpl$ - Skipping annotation, position length = 0, position offset = 40
2017-09-10 18:22:05,627  WARN [org.scalaide.ui.internal.reconciliation.ScalaReconciler] - TraverserImpl$ - Skipping annotation, position length = 0, position offset = 40
2017-09-10 18:22:06,776  WARN [org.scalaide.ui.internal.reconciliation.ScalaReconciler] - TraverserImpl$ - Skipping annotation, position length = 0, position offset = 40
2017-09-10 18:22:07,872  WARN [org.scalaide.ui.internal.reconciliation.ScalaReconciler] - TraverserImpl$ - Skipping annotation, position length = 0, position offset = 40
2017-09-10 18:22:09,957  WARN [org.scalaide.ui.internal.reconciliation.ScalaReconciler] - TraverserImpl$ - Skipping annotation, position length = 0, position offset = 40
2017-09-10 18:22:11,045  WARN [org.scalaide.ui.internal.reconciliation.ScalaReconciler] - TraverserImpl$ - Skipping annotation, position length = 0, position offset = 40
2017-09-10 18:22:18,804  WARN [org.scalaide.ui.internal.reconciliation.ScalaReconciler] - TraverserImpl$ - Skipping annotation, position length = 0, position offset = 40
2017-09-10 18:22:19,293  WARN [org.scalaide.ui.internal.reconciliation.ScalaReconciler] - CallByNameParamAtCreationPresenter - Timeout while waiting for `askLoadedTyped` during semantic highlighting.
2017-09-10 18:22:22,384  WARN [org.scalaide.ui.internal.reconciliation.ScalaReconciler] - TraverserImpl$ - Skipping annotation, position length = 0, position offset = 40
2017-09-10 18:22:22,919  WARN [org.scalaide.ui.internal.reconciliation.ScalaReconciler] - TraverserImpl$ - Skipping annotation, position length = 0, position offset = 40
2017-09-10 18:22:23,429  WARN [org.scalaide.ui.internal.reconciliation.ScalaReconciler] - TraverserImpl$ - Skipping annotation, position length = 0, position offset = 40
2017-09-10 18:22:28,921  WARN [org.scalaide.ui.internal.reconciliation.ScalaReconciler] - TraverserImpl$ - Skipping annotation, position length = 0, position offset = 40
2017-09-10 18:22:30,030  WARN [org.scalaide.ui.internal.reconciliation.ScalaReconciler] - TraverserImpl$ - Skipping annotation, position length = 0, position offset = 40
2017-09-10 18:22:35,232  WARN [org.scalaide.ui.internal.reconciliation.ScalaReconciler] - TraverserImpl$ - Skipping annotation, position length = 0, position offset = 40
2017-09-10 18:22:37,862  WARN [org.scalaide.ui.internal.reconciliation.ScalaReconciler] - TraverserImpl$ - Skipping annotation, position length = 0, position offset = 40
2017-09-10 19:22:32,851  WARN [org.scalaide.ui.internal.reconciliation.ScalaReconciler] - CallByNameParamAtCreationPresenter - Timeout while waiting for `askLoadedTyped` during semantic highlighting.
